<!DOCTYPE HTML PUBLIC "-//W3C//DTD HTML 4.01 Transitional//EN" "http://www.w3.org/TR/html4/loose.dtd">
<html>
<head>
<title>Application log</title>
<style type="text/css">
<!--
body, table {font-family: arial,sans-serif; font-size: x-small;}
th {background: #336699; color: #FFFFFF; text-align: left;}
-->
</style>
</head>
<body bgcolor="#FFFFFF" topmargin="6" leftmargin="6">
<hr size="1" noshade>
Log session start time Mon Jul 18 20:36:29 IST 2016<br>
<br>
<table cellspacing="0" cellpadding="4" border="1" bordercolor="#224466" width="100%">
<tr>
<th>Time</th>
<th>Thread</th>
<th>Level</th>
<th>Category</th>
<th>File:Line</th>
<th>Message</th>
</tr>

<tr>
<td>0</td>
<td title="main thread">main</td>
<td title="Level">INFO</td>
<td title="main category">main</td>
<td>Log.java:240</td>
<td title="Message"></td>
</tr>

<tr>
<td>6</td>
<td title="main thread">main</td>
<td title="Level">INFO</td>
<td title="main category">main</td>
<td>SmokeTestCases.java:81</td>
<td title="Message">****             MFMATest001             *****</td>
</tr>

<tr>
<td>6</td>
<td title="main thread">main</td>
<td title="Level">INFO</td>
<td title="main category">main</td>
<td>Log.java:242</td>
<td title="Message"></td>
</tr>

<tr>
<td>1176</td>
<td title="main thread">main</td>
<td title="Level">INFO</td>
<td title="main category">main</td>
<td>SmokeTestCases.java:84</td>
<td title="Message">Step-1: MFiles Mobile Application launched successfully!!</td>
</tr>

<tr>
<td>9591</td>
<td title="main thread">main</td>
<td title="Level">INFO</td>
<td title="main category">main</td>
<td>SmokeTestCases.java:87</td>
<td title="Message">Step-2: Entered nothing in the server testbox</td>
</tr>

<tr>
<td>12046</td>
<td title="main thread">main</td>
<td title="Level">INFO</td>
<td title="main category">main</td>
<td>SmokeTestCases.java:90</td>
<td title="Message">Step-3: Verified Empty Error Message</td>
</tr>

<tr>
<td>16492</td>
<td title="main thread">main</td>
<td title="Level">INFO</td>
<td title="main category">main</td>
<td>SmokeTestCases.java:93</td>
<td title="Message">Step-4: Tapped Empty Error Message Dialog Box</td>
</tr>

<tr>
<td>16492</td>
<td title="main thread">main</td>
<td title="Level">INFO</td>
<td title="main category">main</td>
<td>SmokeTestCases.java:95</td>
<td title="Message">Test Passed. </td>
</tr>

<tr>
<td>16497</td>
<td title="main thread">main</td>
<td title="Level">INFO</td>
<td title="main category">main</td>
<td>Log.java:304</td>
<td title="Message">****             -E---N---D-             *****</td>
</tr>

<tr>
<td>16498</td>
<td title="main thread">main</td>
<td title="Level">INFO</td>
<td title="main category">main</td>
<td>Log.java:240</td>
<td title="Message"></td>
</tr>

<tr>
<td>16499</td>
<td title="main thread">main</td>
<td title="Level">INFO</td>
<td title="main category">main</td>
<td>SmokeTestCases.java:115</td>
<td title="Message">****             MFMATest002             *****</td>
</tr>

<tr>
<td>16499</td>
<td title="main thread">main</td>
<td title="Level">INFO</td>
<td title="main category">main</td>
<td>Log.java:242</td>
<td title="Message"></td>
</tr>

<tr>
<td>17734</td>
<td title="main thread">main</td>
<td title="Level">INFO</td>
<td title="main category">main</td>
<td>SmokeTestCases.java:121</td>
<td title="Message">Step-1: MFiles Mobile Application launched successfully!!</td>
</tr>

<tr>
<td>26108</td>
<td title="main thread">main</td>
<td title="Level">INFO</td>
<td title="main category">main</td>
<td>SmokeTestCases.java:124</td>
<td title="Message">Step-2: Entered nothing in the server testbox</td>
</tr>

<tr>
<td>28577</td>
<td title="main thread">main</td>
<td title="Level">INFO</td>
<td title="main category">main</td>
<td>SmokeTestCases.java:127</td>
<td title="Message">Step-3: Verified Invalid Error Message</td>
</tr>

<tr>
<td>33187</td>
<td title="main thread">main</td>
<td title="Level">INFO</td>
<td title="main category">main</td>
<td>SmokeTestCases.java:130</td>
<td title="Message">Step-4: Tapped Invalid Error Message Dialog Box</td>
</tr>

<tr>
<td>33190</td>
<td title="main thread">main</td>
<td title="Level">INFO</td>
<td title="main category">main</td>
<td>SmokeTestCases.java:132</td>
<td title="Message">Test Passed. </td>
</tr>

<tr>
<td>33190</td>
<td title="main thread">main</td>
<td title="Level">INFO</td>
<td title="main category">main</td>
<td>Log.java:304</td>
<td title="Message">****             -E---N---D-             *****</td>
</tr>

<tr>
<td>33191</td>
<td title="main thread">main</td>
<td title="Level">INFO</td>
<td title="main category">main</td>
<td>Log.java:240</td>
<td title="Message"></td>
</tr>

<tr>
<td>33192</td>
<td title="main thread">main</td>
<td title="Level">INFO</td>
<td title="main category">main</td>
<td>SmokeTestCases.java:152</td>
<td title="Message">****             MFMATest003             *****</td>
</tr>

<tr>
<td>33192</td>
<td title="main thread">main</td>
<td title="Level">INFO</td>
<td title="main category">main</td>
<td>Log.java:242</td>
<td title="Message"></td>
</tr>

<tr>
<td>34493</td>
<td title="main thread">main</td>
<td title="Level">INFO</td>
<td title="main category">main</td>
<td>SmokeTestCases.java:155</td>
<td title="Message">Step-1: MFiles Mobile Application launched successfully!!</td>
</tr>

<tr>
<td>42851</td>
<td title="main thread">main</td>
<td title="Level">INFO</td>
<td title="main category">main</td>
<td>SmokeTestCases.java:159</td>
<td title="Message">Step-2: Entered nothing in the server testbox</td>
</tr>

<tr>
<td>42853</td>
<td title="main thread">main</td>
<td title="Level"><font color="#339933">DEBUG</font></td>
<td title="main category">main</td>
<td>AddServer.java:103</td>
<td title="Message">Navigated to Login Page!</td>
</tr>

<tr>
<td>113925</td>
<td title="main thread">main</td>
<td title="Level">INFO</td>
<td title="main category">main</td>
<td>Log.java:304</td>
<td title="Message">****             -E---N---D-             *****</td>
</tr>

<tr>
<td>113938</td>
<td title="main thread">main</td>
<td title="Level">INFO</td>
<td title="main category">main</td>
<td>Log.java:240</td>
<td title="Message"></td>
</tr>

<tr>
<td>113938</td>
<td title="main thread">main</td>
<td title="Level">INFO</td>
<td title="main category">main</td>
<td>SmokeTestCases.java:185</td>
<td title="Message">****             MFMATest004             *****</td>
</tr>

<tr>
<td>113939</td>
<td title="main thread">main</td>
<td title="Level">INFO</td>
<td title="main category">main</td>
<td>Log.java:242</td>
<td title="Message"></td>
</tr>

<tr>
<td>115382</td>
<td title="main thread">main</td>
<td title="Level"><font color="#993300"><strong>FATAL</strong></font></td>
<td title="main category">main</td>
<td>SmokeTestCases.java:201</td>
<td title="Message">An element could not be located on the page using the given search parameters. (WARNING: The server did not provide any stacktrace information)</td>
</tr>
<tr><td bgcolor="#993300" style="color:White; font-size : xx-small;" colspan="6">org.openqa.selenium.NoSuchElementException: An element could not be located on the page using the given search parameters. (WARNING: The server did not provide any stacktrace information)
<br>&nbsp;&nbsp;&nbsp;&nbsp;Command duration or timeout: 113 milliseconds
<br>&nbsp;&nbsp;&nbsp;&nbsp;For documentation on this error, please visit: http://seleniumhq.org/exceptions/no_such_element.html
<br>&nbsp;&nbsp;&nbsp;&nbsp;Build info: version: '2.53.1', revision: 'a36b8b1cd5757287168e54b817830adce9b0158d', time: '2016-06-30 19:26:09'
<br>&nbsp;&nbsp;&nbsp;&nbsp;System info: host: 'aspire742', ip: '172.24.130.24', os.name: 'Windows 7', os.arch: 'amd64', os.version: '6.1', java.version: '1.8.0_73'
<br>&nbsp;&nbsp;&nbsp;&nbsp;Driver info: io.appium.java_client.android.AndroidDriver
<br>&nbsp;&nbsp;&nbsp;&nbsp;Capabilities [{hideKeyboard=true, appPackage=com.mfiles.mobile, app=E:\POC\MerlinQA\150716\FinalFWCopy\MFilesMobileAutomation\Application\Android\mFiles-production-release-Q2.apk, networkConnectionEnabled=true, warnings={}, databaseEnabled=false, deviceName=4d005018f4f24005, platform=LINUX, desired={hideKeyboard=true, appPackage=com.mfiles.mobile, app=E:\POC\MerlinQA\150716\FinalFWCopy\MFilesMobileAutomation\Application\Android\mFiles-production-release-Q2.apk, platformName=Android, udid=4d005018f4f24005, device=ANDROID, deviceName=4d005018f4f24005}, platformVersion=4.3, webStorageEnabled=false, locationContextEnabled=false, takesScreenshot=true, javascriptEnabled=true, platformName=Android, udid=4d005018f4f24005, device=ANDROID}]
<br>&nbsp;&nbsp;&nbsp;&nbsp;Session ID: 56a1c81c-41e3-4795-8c31-e8cda1510cfb
<br>&nbsp;&nbsp;&nbsp;&nbsp;*** Element info: {Using=id, value=login_username}
<br>&nbsp;&nbsp;&nbsp;&nbsp;	at sun.reflect.GeneratedConstructorAccessor11.newInstance(Unknown Source)
<br>&nbsp;&nbsp;&nbsp;&nbsp;	at sun.reflect.DelegatingConstructorAccessorImpl.newInstance(DelegatingConstructorAccessorImpl.java:45)
<br>&nbsp;&nbsp;&nbsp;&nbsp;	at java.lang.reflect.Constructor.newInstance(Constructor.java:422)
<br>&nbsp;&nbsp;&nbsp;&nbsp;	at org.openqa.selenium.remote.ErrorHandler.createThrowable(ErrorHandler.java:206)
<br>&nbsp;&nbsp;&nbsp;&nbsp;	at org.openqa.selenium.remote.ErrorHandler.throwIfResponseFailed(ErrorHandler.java:158)
<br>&nbsp;&nbsp;&nbsp;&nbsp;	at org.openqa.selenium.remote.RemoteWebDriver.execute(RemoteWebDriver.java:678)
<br>&nbsp;&nbsp;&nbsp;&nbsp;	at io.appium.java_client.DefaultGenericMobileDriver.execute(DefaultGenericMobileDriver.java:51)
<br>&nbsp;&nbsp;&nbsp;&nbsp;	at io.appium.java_client.AppiumDriver.execute(AppiumDriver.java:1)
<br>&nbsp;&nbsp;&nbsp;&nbsp;	at io.appium.java_client.android.AndroidDriver.execute(AndroidDriver.java:1)
<br>&nbsp;&nbsp;&nbsp;&nbsp;	at org.openqa.selenium.remote.RemoteWebDriver.findElement(RemoteWebDriver.java:363)
<br>&nbsp;&nbsp;&nbsp;&nbsp;	at io.appium.java_client.DefaultGenericMobileDriver.findElement(DefaultGenericMobileDriver.java:67)
<br>&nbsp;&nbsp;&nbsp;&nbsp;	at io.appium.java_client.AppiumDriver.findElement(AppiumDriver.java:1)
<br>&nbsp;&nbsp;&nbsp;&nbsp;	at io.appium.java_client.android.AndroidDriver.findElement(AndroidDriver.java:1)
<br>&nbsp;&nbsp;&nbsp;&nbsp;	at org.openqa.selenium.remote.RemoteWebDriver.findElementById(RemoteWebDriver.java:413)
<br>&nbsp;&nbsp;&nbsp;&nbsp;	at io.appium.java_client.DefaultGenericMobileDriver.findElementById(DefaultGenericMobileDriver.java:75)
<br>&nbsp;&nbsp;&nbsp;&nbsp;	at io.appium.java_client.AppiumDriver.findElementById(AppiumDriver.java:1)
<br>&nbsp;&nbsp;&nbsp;&nbsp;	at io.appium.java_client.android.AndroidDriver.findElementById(AndroidDriver.java:1)
<br>&nbsp;&nbsp;&nbsp;&nbsp;	at org.openqa.selenium.By$ById.findElement(By.java:218)
<br>&nbsp;&nbsp;&nbsp;&nbsp;	at org.openqa.selenium.remote.RemoteWebDriver.findElement(RemoteWebDriver.java:355)
<br>&nbsp;&nbsp;&nbsp;&nbsp;	at io.appium.java_client.DefaultGenericMobileDriver.findElement(DefaultGenericMobileDriver.java:63)
<br>&nbsp;&nbsp;&nbsp;&nbsp;	at io.appium.java_client.AppiumDriver.findElement(AppiumDriver.java:1)
<br>&nbsp;&nbsp;&nbsp;&nbsp;	at io.appium.java_client.android.AndroidDriver.findElement(AndroidDriver.java:1)
<br>&nbsp;&nbsp;&nbsp;&nbsp;	at org.openqa.selenium.support.pagefactory.DefaultElementLocator.findElement(DefaultElementLocator.java:69)
<br>&nbsp;&nbsp;&nbsp;&nbsp;	at org.openqa.selenium.support.pagefactory.internal.LocatingElementHandler.invoke(LocatingElementHandler.java:38)
<br>&nbsp;&nbsp;&nbsp;&nbsp;	at com.sun.proxy.$Proxy8.sendKeys(Unknown Source)
<br>&nbsp;&nbsp;&nbsp;&nbsp;	at MFMA.Factories.Login.setUserName(Login.java:84)
<br>&nbsp;&nbsp;&nbsp;&nbsp;	at MFMA.Factories.Login.loginToMfiles(Login.java:114)
<br>&nbsp;&nbsp;&nbsp;&nbsp;	at MFMA.Tests.SmokeTestCases.SmokeCaseTest1_4(SmokeTestCases.java:188)
<br>&nbsp;&nbsp;&nbsp;&nbsp;	at sun.reflect.NativeMethodAccessorImpl.invoke0(Native Method)
<br>&nbsp;&nbsp;&nbsp;&nbsp;	at sun.reflect.NativeMethodAccessorImpl.invoke(NativeMethodAccessorImpl.java:62)
<br>&nbsp;&nbsp;&nbsp;&nbsp;	at sun.reflect.DelegatingMethodAccessorImpl.invoke(DelegatingMethodAccessorImpl.java:43)
<br>&nbsp;&nbsp;&nbsp;&nbsp;	at java.lang.reflect.Method.invoke(Method.java:497)
<br>&nbsp;&nbsp;&nbsp;&nbsp;	at org.testng.internal.MethodInvocationHelper.invokeMethod(MethodInvocationHelper.java:84)
<br>&nbsp;&nbsp;&nbsp;&nbsp;	at org.testng.internal.Invoker.invokeMethod(Invoker.java:714)
<br>&nbsp;&nbsp;&nbsp;&nbsp;	at org.testng.internal.Invoker.invokeTestMethod(Invoker.java:901)
<br>&nbsp;&nbsp;&nbsp;&nbsp;	at org.testng.internal.Invoker.invokeTestMethods(Invoker.java:1231)
<br>&nbsp;&nbsp;&nbsp;&nbsp;	at org.testng.internal.TestMethodWorker.invokeTestMethods(TestMethodWorker.java:127)
<br>&nbsp;&nbsp;&nbsp;&nbsp;	at org.testng.internal.TestMethodWorker.run(TestMethodWorker.java:111)
<br>&nbsp;&nbsp;&nbsp;&nbsp;	at org.testng.TestRunner.privateRun(TestRunner.java:767)
<br>&nbsp;&nbsp;&nbsp;&nbsp;	at org.testng.TestRunner.run(TestRunner.java:617)
<br>&nbsp;&nbsp;&nbsp;&nbsp;	at org.testng.SuiteRunner.runTest(SuiteRunner.java:334)
<br>&nbsp;&nbsp;&nbsp;&nbsp;	at org.testng.SuiteRunner.runSequentially(SuiteRunner.java:329)
<br>&nbsp;&nbsp;&nbsp;&nbsp;	at org.testng.SuiteRunner.privateRun(SuiteRunner.java:291)
<br>&nbsp;&nbsp;&nbsp;&nbsp;	at org.testng.SuiteRunner.run(SuiteRunner.java:240)
<br>&nbsp;&nbsp;&nbsp;&nbsp;	at org.testng.SuiteRunnerWorker.runSuite(SuiteRunnerWorker.java:52)
<br>&nbsp;&nbsp;&nbsp;&nbsp;	at org.testng.SuiteRunnerWorker.run(SuiteRunnerWorker.java:86)
<br>&nbsp;&nbsp;&nbsp;&nbsp;	at org.testng.TestNG.runSuitesSequentially(TestNG.java:1224)
<br>&nbsp;&nbsp;&nbsp;&nbsp;	at org.testng.TestNG.runSuitesLocally(TestNG.java:1149)
<br>&nbsp;&nbsp;&nbsp;&nbsp;	at org.testng.TestNG.run(TestNG.java:1057)
<br>&nbsp;&nbsp;&nbsp;&nbsp;	at org.apache.maven.surefire.testng.TestNGExecutor.run(TestNGExecutor.java:282)
<br>&nbsp;&nbsp;&nbsp;&nbsp;	at org.apache.maven.surefire.testng.TestNGXmlTestSuite.execute(TestNGXmlTestSuite.java:83)
<br>&nbsp;&nbsp;&nbsp;&nbsp;	at org.apache.maven.surefire.testng.TestNGProvider.invoke(TestNGProvider.java:114)
<br>&nbsp;&nbsp;&nbsp;&nbsp;	at org.apache.maven.surefire.booter.ForkedBooter.invokeProviderInSameClassLoader(ForkedBooter.java:286)
<br>&nbsp;&nbsp;&nbsp;&nbsp;	at org.apache.maven.surefire.booter.ForkedBooter.runSuitesInProcess(ForkedBooter.java:240)
<br>&nbsp;&nbsp;&nbsp;&nbsp;	at org.apache.maven.surefire.booter.ForkedBooter.main(ForkedBooter.java:121)
</td></tr>

<tr>
<td>115405</td>
<td title="main thread">main</td>
<td title="Level">INFO</td>
<td title="main category">main</td>
<td>Log.java:304</td>
<td title="Message">****             -E---N---D-             *****</td>
</tr>

<tr>
<td>115416</td>
<td title="main thread">main</td>
<td title="Level">INFO</td>
<td title="main category">main</td>
<td>Log.java:240</td>
<td title="Message"></td>
</tr>

<tr>
<td>115417</td>
<td title="main thread">main</td>
<td title="Level">INFO</td>
<td title="main category">main</td>
<td>SmokeTestCases.java:218</td>
<td title="Message">****             MFMATest005             *****</td>
</tr>

<tr>
<td>115422</td>
<td title="main thread">main</td>
<td title="Level">INFO</td>
<td title="main category">main</td>
<td>Log.java:242</td>
<td title="Message"></td>
</tr>

<tr>
<td>117146</td>
<td title="main thread">main</td>
<td title="Level"><font color="#993300"><strong>FATAL</strong></font></td>
<td title="main category">main</td>
<td>SmokeTestCases.java:234</td>
<td title="Message">An element could not be located on the page using the given search parameters. (WARNING: The server did not provide any stacktrace information)</td>
</tr>
<tr><td bgcolor="#993300" style="color:White; font-size : xx-small;" colspan="6">org.openqa.selenium.NoSuchElementException: An element could not be located on the page using the given search parameters. (WARNING: The server did not provide any stacktrace information)
<br>&nbsp;&nbsp;&nbsp;&nbsp;Command duration or timeout: 314 milliseconds
<br>&nbsp;&nbsp;&nbsp;&nbsp;For documentation on this error, please visit: http://seleniumhq.org/exceptions/no_such_element.html
<br>&nbsp;&nbsp;&nbsp;&nbsp;Build info: version: '2.53.1', revision: 'a36b8b1cd5757287168e54b817830adce9b0158d', time: '2016-06-30 19:26:09'
<br>&nbsp;&nbsp;&nbsp;&nbsp;System info: host: 'aspire742', ip: '172.24.130.24', os.name: 'Windows 7', os.arch: 'amd64', os.version: '6.1', java.version: '1.8.0_73'
<br>&nbsp;&nbsp;&nbsp;&nbsp;Driver info: io.appium.java_client.android.AndroidDriver
<br>&nbsp;&nbsp;&nbsp;&nbsp;Capabilities [{hideKeyboard=true, appPackage=com.mfiles.mobile, app=E:\POC\MerlinQA\150716\FinalFWCopy\MFilesMobileAutomation\Application\Android\mFiles-production-release-Q2.apk, networkConnectionEnabled=true, warnings={}, databaseEnabled=false, deviceName=4d005018f4f24005, platform=LINUX, desired={hideKeyboard=true, appPackage=com.mfiles.mobile, app=E:\POC\MerlinQA\150716\FinalFWCopy\MFilesMobileAutomation\Application\Android\mFiles-production-release-Q2.apk, platformName=Android, udid=4d005018f4f24005, device=ANDROID, deviceName=4d005018f4f24005}, platformVersion=4.3, webStorageEnabled=false, locationContextEnabled=false, takesScreenshot=true, javascriptEnabled=true, platformName=Android, udid=4d005018f4f24005, device=ANDROID}]
<br>&nbsp;&nbsp;&nbsp;&nbsp;Session ID: 56a1c81c-41e3-4795-8c31-e8cda1510cfb
<br>&nbsp;&nbsp;&nbsp;&nbsp;*** Element info: {Using=id, value=login_username}
<br>&nbsp;&nbsp;&nbsp;&nbsp;	at sun.reflect.GeneratedConstructorAccessor11.newInstance(Unknown Source)
<br>&nbsp;&nbsp;&nbsp;&nbsp;	at sun.reflect.DelegatingConstructorAccessorImpl.newInstance(DelegatingConstructorAccessorImpl.java:45)
<br>&nbsp;&nbsp;&nbsp;&nbsp;	at java.lang.reflect.Constructor.newInstance(Constructor.java:422)
<br>&nbsp;&nbsp;&nbsp;&nbsp;	at org.openqa.selenium.remote.ErrorHandler.createThrowable(ErrorHandler.java:206)
<br>&nbsp;&nbsp;&nbsp;&nbsp;	at org.openqa.selenium.remote.ErrorHandler.throwIfResponseFailed(ErrorHandler.java:158)
<br>&nbsp;&nbsp;&nbsp;&nbsp;	at org.openqa.selenium.remote.RemoteWebDriver.execute(RemoteWebDriver.java:678)
<br>&nbsp;&nbsp;&nbsp;&nbsp;	at io.appium.java_client.DefaultGenericMobileDriver.execute(DefaultGenericMobileDriver.java:51)
<br>&nbsp;&nbsp;&nbsp;&nbsp;	at io.appium.java_client.AppiumDriver.execute(AppiumDriver.java:1)
<br>&nbsp;&nbsp;&nbsp;&nbsp;	at io.appium.java_client.android.AndroidDriver.execute(AndroidDriver.java:1)
<br>&nbsp;&nbsp;&nbsp;&nbsp;	at org.openqa.selenium.remote.RemoteWebDriver.findElement(RemoteWebDriver.java:363)
<br>&nbsp;&nbsp;&nbsp;&nbsp;	at io.appium.java_client.DefaultGenericMobileDriver.findElement(DefaultGenericMobileDriver.java:67)
<br>&nbsp;&nbsp;&nbsp;&nbsp;	at io.appium.java_client.AppiumDriver.findElement(AppiumDriver.java:1)
<br>&nbsp;&nbsp;&nbsp;&nbsp;	at io.appium.java_client.android.AndroidDriver.findElement(AndroidDriver.java:1)
<br>&nbsp;&nbsp;&nbsp;&nbsp;	at org.openqa.selenium.remote.RemoteWebDriver.findElementById(RemoteWebDriver.java:413)
<br>&nbsp;&nbsp;&nbsp;&nbsp;	at io.appium.java_client.DefaultGenericMobileDriver.findElementById(DefaultGenericMobileDriver.java:75)
<br>&nbsp;&nbsp;&nbsp;&nbsp;	at io.appium.java_client.AppiumDriver.findElementById(AppiumDriver.java:1)
<br>&nbsp;&nbsp;&nbsp;&nbsp;	at io.appium.java_client.android.AndroidDriver.findElementById(AndroidDriver.java:1)
<br>&nbsp;&nbsp;&nbsp;&nbsp;	at org.openqa.selenium.By$ById.findElement(By.java:218)
<br>&nbsp;&nbsp;&nbsp;&nbsp;	at org.openqa.selenium.remote.RemoteWebDriver.findElement(RemoteWebDriver.java:355)
<br>&nbsp;&nbsp;&nbsp;&nbsp;	at io.appium.java_client.DefaultGenericMobileDriver.findElement(DefaultGenericMobileDriver.java:63)
<br>&nbsp;&nbsp;&nbsp;&nbsp;	at io.appium.java_client.AppiumDriver.findElement(AppiumDriver.java:1)
<br>&nbsp;&nbsp;&nbsp;&nbsp;	at io.appium.java_client.android.AndroidDriver.findElement(AndroidDriver.java:1)
<br>&nbsp;&nbsp;&nbsp;&nbsp;	at org.openqa.selenium.support.pagefactory.DefaultElementLocator.findElement(DefaultElementLocator.java:69)
<br>&nbsp;&nbsp;&nbsp;&nbsp;	at org.openqa.selenium.support.pagefactory.internal.LocatingElementHandler.invoke(LocatingElementHandler.java:38)
<br>&nbsp;&nbsp;&nbsp;&nbsp;	at com.sun.proxy.$Proxy8.sendKeys(Unknown Source)
<br>&nbsp;&nbsp;&nbsp;&nbsp;	at MFMA.Factories.Login.setUserName(Login.java:84)
<br>&nbsp;&nbsp;&nbsp;&nbsp;	at MFMA.Factories.Login.loginToMfiles(Login.java:114)
<br>&nbsp;&nbsp;&nbsp;&nbsp;	at MFMA.Tests.SmokeTestCases.SmokeCaseTest1_5(SmokeTestCases.java:221)
<br>&nbsp;&nbsp;&nbsp;&nbsp;	at sun.reflect.NativeMethodAccessorImpl.invoke0(Native Method)
<br>&nbsp;&nbsp;&nbsp;&nbsp;	at sun.reflect.NativeMethodAccessorImpl.invoke(NativeMethodAccessorImpl.java:62)
<br>&nbsp;&nbsp;&nbsp;&nbsp;	at sun.reflect.DelegatingMethodAccessorImpl.invoke(DelegatingMethodAccessorImpl.java:43)
<br>&nbsp;&nbsp;&nbsp;&nbsp;	at java.lang.reflect.Method.invoke(Method.java:497)
<br>&nbsp;&nbsp;&nbsp;&nbsp;	at org.testng.internal.MethodInvocationHelper.invokeMethod(MethodInvocationHelper.java:84)
<br>&nbsp;&nbsp;&nbsp;&nbsp;	at org.testng.internal.Invoker.invokeMethod(Invoker.java:714)
<br>&nbsp;&nbsp;&nbsp;&nbsp;	at org.testng.internal.Invoker.invokeTestMethod(Invoker.java:901)
<br>&nbsp;&nbsp;&nbsp;&nbsp;	at org.testng.internal.Invoker.invokeTestMethods(Invoker.java:1231)
<br>&nbsp;&nbsp;&nbsp;&nbsp;	at org.testng.internal.TestMethodWorker.invokeTestMethods(TestMethodWorker.java:127)
<br>&nbsp;&nbsp;&nbsp;&nbsp;	at org.testng.internal.TestMethodWorker.run(TestMethodWorker.java:111)
<br>&nbsp;&nbsp;&nbsp;&nbsp;	at org.testng.TestRunner.privateRun(TestRunner.java:767)
<br>&nbsp;&nbsp;&nbsp;&nbsp;	at org.testng.TestRunner.run(TestRunner.java:617)
<br>&nbsp;&nbsp;&nbsp;&nbsp;	at org.testng.SuiteRunner.runTest(SuiteRunner.java:334)
<br>&nbsp;&nbsp;&nbsp;&nbsp;	at org.testng.SuiteRunner.runSequentially(SuiteRunner.java:329)
<br>&nbsp;&nbsp;&nbsp;&nbsp;	at org.testng.SuiteRunner.privateRun(SuiteRunner.java:291)
<br>&nbsp;&nbsp;&nbsp;&nbsp;	at org.testng.SuiteRunner.run(SuiteRunner.java:240)
<br>&nbsp;&nbsp;&nbsp;&nbsp;	at org.testng.SuiteRunnerWorker.runSuite(SuiteRunnerWorker.java:52)
<br>&nbsp;&nbsp;&nbsp;&nbsp;	at org.testng.SuiteRunnerWorker.run(SuiteRunnerWorker.java:86)
<br>&nbsp;&nbsp;&nbsp;&nbsp;	at org.testng.TestNG.runSuitesSequentially(TestNG.java:1224)
<br>&nbsp;&nbsp;&nbsp;&nbsp;	at org.testng.TestNG.runSuitesLocally(TestNG.java:1149)
<br>&nbsp;&nbsp;&nbsp;&nbsp;	at org.testng.TestNG.run(TestNG.java:1057)
<br>&nbsp;&nbsp;&nbsp;&nbsp;	at org.apache.maven.surefire.testng.TestNGExecutor.run(TestNGExecutor.java:282)
<br>&nbsp;&nbsp;&nbsp;&nbsp;	at org.apache.maven.surefire.testng.TestNGXmlTestSuite.execute(TestNGXmlTestSuite.java:83)
<br>&nbsp;&nbsp;&nbsp;&nbsp;	at org.apache.maven.surefire.testng.TestNGProvider.invoke(TestNGProvider.java:114)
<br>&nbsp;&nbsp;&nbsp;&nbsp;	at org.apache.maven.surefire.booter.ForkedBooter.invokeProviderInSameClassLoader(ForkedBooter.java:286)
<br>&nbsp;&nbsp;&nbsp;&nbsp;	at org.apache.maven.surefire.booter.ForkedBooter.runSuitesInProcess(ForkedBooter.java:240)
<br>&nbsp;&nbsp;&nbsp;&nbsp;	at org.apache.maven.surefire.booter.ForkedBooter.main(ForkedBooter.java:121)
</td></tr>

<tr>
<td>117149</td>
<td title="main thread">main</td>
<td title="Level">INFO</td>
<td title="main category">main</td>
<td>Log.java:304</td>
<td title="Message">****             -E---N---D-             *****</td>
</tr>

<tr>
<td>117153</td>
<td title="main thread">main</td>
<td title="Level">INFO</td>
<td title="main category">main</td>
<td>Log.java:240</td>
<td title="Message"></td>
</tr>

<tr>
<td>117154</td>
<td title="main thread">main</td>
<td title="Level">INFO</td>
<td title="main category">main</td>
<td>SmokeTestCases.java:251</td>
<td title="Message">****             MFMATest006             *****</td>
</tr>

<tr>
<td>117154</td>
<td title="main thread">main</td>
<td title="Level">INFO</td>
<td title="main category">main</td>
<td>Log.java:242</td>
<td title="Message"></td>
</tr>

<tr>
<td>118854</td>
<td title="main thread">main</td>
<td title="Level"><font color="#993300"><strong>FATAL</strong></font></td>
<td title="main category">main</td>
<td>SmokeTestCases.java:264</td>
<td title="Message">An element could not be located on the page using the given search parameters. (WARNING: The server did not provide any stacktrace information)</td>
</tr>
<tr><td bgcolor="#993300" style="color:White; font-size : xx-small;" colspan="6">org.openqa.selenium.NoSuchElementException: An element could not be located on the page using the given search parameters. (WARNING: The server did not provide any stacktrace information)
<br>&nbsp;&nbsp;&nbsp;&nbsp;Command duration or timeout: 246 milliseconds
<br>&nbsp;&nbsp;&nbsp;&nbsp;For documentation on this error, please visit: http://seleniumhq.org/exceptions/no_such_element.html
<br>&nbsp;&nbsp;&nbsp;&nbsp;Build info: version: '2.53.1', revision: 'a36b8b1cd5757287168e54b817830adce9b0158d', time: '2016-06-30 19:26:09'
<br>&nbsp;&nbsp;&nbsp;&nbsp;System info: host: 'aspire742', ip: '172.24.130.24', os.name: 'Windows 7', os.arch: 'amd64', os.version: '6.1', java.version: '1.8.0_73'
<br>&nbsp;&nbsp;&nbsp;&nbsp;Driver info: io.appium.java_client.android.AndroidDriver
<br>&nbsp;&nbsp;&nbsp;&nbsp;Capabilities [{hideKeyboard=true, appPackage=com.mfiles.mobile, app=E:\POC\MerlinQA\150716\FinalFWCopy\MFilesMobileAutomation\Application\Android\mFiles-production-release-Q2.apk, networkConnectionEnabled=true, warnings={}, databaseEnabled=false, deviceName=4d005018f4f24005, platform=LINUX, desired={hideKeyboard=true, appPackage=com.mfiles.mobile, app=E:\POC\MerlinQA\150716\FinalFWCopy\MFilesMobileAutomation\Application\Android\mFiles-production-release-Q2.apk, platformName=Android, udid=4d005018f4f24005, device=ANDROID, deviceName=4d005018f4f24005}, platformVersion=4.3, webStorageEnabled=false, locationContextEnabled=false, takesScreenshot=true, javascriptEnabled=true, platformName=Android, udid=4d005018f4f24005, device=ANDROID}]
<br>&nbsp;&nbsp;&nbsp;&nbsp;Session ID: 56a1c81c-41e3-4795-8c31-e8cda1510cfb
<br>&nbsp;&nbsp;&nbsp;&nbsp;*** Element info: {Using=id, value=login_username}
<br>&nbsp;&nbsp;&nbsp;&nbsp;	at sun.reflect.GeneratedConstructorAccessor11.newInstance(Unknown Source)
<br>&nbsp;&nbsp;&nbsp;&nbsp;	at sun.reflect.DelegatingConstructorAccessorImpl.newInstance(DelegatingConstructorAccessorImpl.java:45)
<br>&nbsp;&nbsp;&nbsp;&nbsp;	at java.lang.reflect.Constructor.newInstance(Constructor.java:422)
<br>&nbsp;&nbsp;&nbsp;&nbsp;	at org.openqa.selenium.remote.ErrorHandler.createThrowable(ErrorHandler.java:206)
<br>&nbsp;&nbsp;&nbsp;&nbsp;	at org.openqa.selenium.remote.ErrorHandler.throwIfResponseFailed(ErrorHandler.java:158)
<br>&nbsp;&nbsp;&nbsp;&nbsp;	at org.openqa.selenium.remote.RemoteWebDriver.execute(RemoteWebDriver.java:678)
<br>&nbsp;&nbsp;&nbsp;&nbsp;	at io.appium.java_client.DefaultGenericMobileDriver.execute(DefaultGenericMobileDriver.java:51)
<br>&nbsp;&nbsp;&nbsp;&nbsp;	at io.appium.java_client.AppiumDriver.execute(AppiumDriver.java:1)
<br>&nbsp;&nbsp;&nbsp;&nbsp;	at io.appium.java_client.android.AndroidDriver.execute(AndroidDriver.java:1)
<br>&nbsp;&nbsp;&nbsp;&nbsp;	at org.openqa.selenium.remote.RemoteWebDriver.findElement(RemoteWebDriver.java:363)
<br>&nbsp;&nbsp;&nbsp;&nbsp;	at io.appium.java_client.DefaultGenericMobileDriver.findElement(DefaultGenericMobileDriver.java:67)
<br>&nbsp;&nbsp;&nbsp;&nbsp;	at io.appium.java_client.AppiumDriver.findElement(AppiumDriver.java:1)
<br>&nbsp;&nbsp;&nbsp;&nbsp;	at io.appium.java_client.android.AndroidDriver.findElement(AndroidDriver.java:1)
<br>&nbsp;&nbsp;&nbsp;&nbsp;	at org.openqa.selenium.remote.RemoteWebDriver.findElementById(RemoteWebDriver.java:413)
<br>&nbsp;&nbsp;&nbsp;&nbsp;	at io.appium.java_client.DefaultGenericMobileDriver.findElementById(DefaultGenericMobileDriver.java:75)
<br>&nbsp;&nbsp;&nbsp;&nbsp;	at io.appium.java_client.AppiumDriver.findElementById(AppiumDriver.java:1)
<br>&nbsp;&nbsp;&nbsp;&nbsp;	at io.appium.java_client.android.AndroidDriver.findElementById(AndroidDriver.java:1)
<br>&nbsp;&nbsp;&nbsp;&nbsp;	at org.openqa.selenium.By$ById.findElement(By.java:218)
<br>&nbsp;&nbsp;&nbsp;&nbsp;	at org.openqa.selenium.remote.RemoteWebDriver.findElement(RemoteWebDriver.java:355)
<br>&nbsp;&nbsp;&nbsp;&nbsp;	at io.appium.java_client.DefaultGenericMobileDriver.findElement(DefaultGenericMobileDriver.java:63)
<br>&nbsp;&nbsp;&nbsp;&nbsp;	at io.appium.java_client.AppiumDriver.findElement(AppiumDriver.java:1)
<br>&nbsp;&nbsp;&nbsp;&nbsp;	at io.appium.java_client.android.AndroidDriver.findElement(AndroidDriver.java:1)
<br>&nbsp;&nbsp;&nbsp;&nbsp;	at org.openqa.selenium.support.pagefactory.DefaultElementLocator.findElement(DefaultElementLocator.java:69)
<br>&nbsp;&nbsp;&nbsp;&nbsp;	at org.openqa.selenium.support.pagefactory.internal.LocatingElementHandler.invoke(LocatingElementHandler.java:38)
<br>&nbsp;&nbsp;&nbsp;&nbsp;	at com.sun.proxy.$Proxy8.sendKeys(Unknown Source)
<br>&nbsp;&nbsp;&nbsp;&nbsp;	at MFMA.Factories.Login.setUserName(Login.java:84)
<br>&nbsp;&nbsp;&nbsp;&nbsp;	at MFMA.Factories.Login.loginToMfiles(Login.java:114)
<br>&nbsp;&nbsp;&nbsp;&nbsp;	at MFMA.Tests.SmokeTestCases.SmokeCaseTest1_6(SmokeTestCases.java:254)
<br>&nbsp;&nbsp;&nbsp;&nbsp;	at sun.reflect.NativeMethodAccessorImpl.invoke0(Native Method)
<br>&nbsp;&nbsp;&nbsp;&nbsp;	at sun.reflect.NativeMethodAccessorImpl.invoke(NativeMethodAccessorImpl.java:62)
<br>&nbsp;&nbsp;&nbsp;&nbsp;	at sun.reflect.DelegatingMethodAccessorImpl.invoke(DelegatingMethodAccessorImpl.java:43)
<br>&nbsp;&nbsp;&nbsp;&nbsp;	at java.lang.reflect.Method.invoke(Method.java:497)
<br>&nbsp;&nbsp;&nbsp;&nbsp;	at org.testng.internal.MethodInvocationHelper.invokeMethod(MethodInvocationHelper.java:84)
<br>&nbsp;&nbsp;&nbsp;&nbsp;	at org.testng.internal.Invoker.invokeMethod(Invoker.java:714)
<br>&nbsp;&nbsp;&nbsp;&nbsp;	at org.testng.internal.Invoker.invokeTestMethod(Invoker.java:901)
<br>&nbsp;&nbsp;&nbsp;&nbsp;	at org.testng.internal.Invoker.invokeTestMethods(Invoker.java:1231)
<br>&nbsp;&nbsp;&nbsp;&nbsp;	at org.testng.internal.TestMethodWorker.invokeTestMethods(TestMethodWorker.java:127)
<br>&nbsp;&nbsp;&nbsp;&nbsp;	at org.testng.internal.TestMethodWorker.run(TestMethodWorker.java:111)
<br>&nbsp;&nbsp;&nbsp;&nbsp;	at org.testng.TestRunner.privateRun(TestRunner.java:767)
<br>&nbsp;&nbsp;&nbsp;&nbsp;	at org.testng.TestRunner.run(TestRunner.java:617)
<br>&nbsp;&nbsp;&nbsp;&nbsp;	at org.testng.SuiteRunner.runTest(SuiteRunner.java:334)
<br>&nbsp;&nbsp;&nbsp;&nbsp;	at org.testng.SuiteRunner.runSequentially(SuiteRunner.java:329)
<br>&nbsp;&nbsp;&nbsp;&nbsp;	at org.testng.SuiteRunner.privateRun(SuiteRunner.java:291)
<br>&nbsp;&nbsp;&nbsp;&nbsp;	at org.testng.SuiteRunner.run(SuiteRunner.java:240)
<br>&nbsp;&nbsp;&nbsp;&nbsp;	at org.testng.SuiteRunnerWorker.runSuite(SuiteRunnerWorker.java:52)
<br>&nbsp;&nbsp;&nbsp;&nbsp;	at org.testng.SuiteRunnerWorker.run(SuiteRunnerWorker.java:86)
<br>&nbsp;&nbsp;&nbsp;&nbsp;	at org.testng.TestNG.runSuitesSequentially(TestNG.java:1224)
<br>&nbsp;&nbsp;&nbsp;&nbsp;	at org.testng.TestNG.runSuitesLocally(TestNG.java:1149)
<br>&nbsp;&nbsp;&nbsp;&nbsp;	at org.testng.TestNG.run(TestNG.java:1057)
<br>&nbsp;&nbsp;&nbsp;&nbsp;	at org.apache.maven.surefire.testng.TestNGExecutor.run(TestNGExecutor.java:282)
<br>&nbsp;&nbsp;&nbsp;&nbsp;	at org.apache.maven.surefire.testng.TestNGXmlTestSuite.execute(TestNGXmlTestSuite.java:83)
<br>&nbsp;&nbsp;&nbsp;&nbsp;	at org.apache.maven.surefire.testng.TestNGProvider.invoke(TestNGProvider.java:114)
<br>&nbsp;&nbsp;&nbsp;&nbsp;	at org.apache.maven.surefire.booter.ForkedBooter.invokeProviderInSameClassLoader(ForkedBooter.java:286)
<br>&nbsp;&nbsp;&nbsp;&nbsp;	at org.apache.maven.surefire.booter.ForkedBooter.runSuitesInProcess(ForkedBooter.java:240)
<br>&nbsp;&nbsp;&nbsp;&nbsp;	at org.apache.maven.surefire.booter.ForkedBooter.main(ForkedBooter.java:121)
</td></tr>

<tr>
<td>118871</td>
<td title="main thread">main</td>
<td title="Level">INFO</td>
<td title="main category">main</td>
<td>Log.java:304</td>
<td title="Message">****             -E---N---D-             *****</td>
</tr>

<tr>
<td>118876</td>
<td title="main thread">main</td>
<td title="Level">INFO</td>
<td title="main category">main</td>
<td>Log.java:240</td>
<td title="Message"></td>
</tr>

<tr>
<td>118876</td>
<td title="main thread">main</td>
<td title="Level">INFO</td>
<td title="main category">main</td>
<td>SmokeTestCases.java:281</td>
<td title="Message">****             MFMATest007             *****</td>
</tr>

<tr>
<td>118877</td>
<td title="main thread">main</td>
<td title="Level">INFO</td>
<td title="main category">main</td>
<td>Log.java:242</td>
<td title="Message"></td>
</tr>

<tr>
<td>120269</td>
<td title="main thread">main</td>
<td title="Level">INFO</td>
<td title="main category">main</td>
<td>SmokeTestCases.java:285</td>
<td title="Message">Step-1: Started with Vault Screen</td>
</tr>

<tr>
<td>194191</td>
<td title="main thread">main</td>
<td title="Level">INFO</td>
<td title="main category">main</td>
<td>SmokeTestCases.java:288</td>
<td title="Message">Step-2: Selecting Vault</td>
</tr>

<tr>
<td>194192</td>
<td title="main thread">main</td>
<td title="Level"><font color="#339933">DEBUG</font></td>
<td title="main category">main</td>
<td>Vault.java:81</td>
<td title="Message">Navigated to Vault Home Screen!</td>
</tr>
