<?xml version="1.0" encoding="UTF-8"?>
<testng-results skipped="28" failed="6" total="42" passed="8">
  <reporter-output>
    <line>
      <![CDATA[&emsp;<div class="test-title"> <strong><font size = "3" color = "#000080">MFMATest001</font> </strong> </div>&emsp;<div><strong>Steps:</strong></div><!-- Report -->&emsp;]]>
    </line>
    <line>
      <![CDATA[<div class="test-message">&emsp;Step-1: MFiles Mobile Application launched successfully!!&emsp;<a href=".\ScreenShot\SmokeCaseTest1_1_1.png" target="_blank" >[ScreenShot]</a></div>]]>
    </line>
    <line>
      <![CDATA[<div class="test-message">&emsp;Step-2: Entered nothing in the server testbox&emsp;<a href=".\ScreenShot\SmokeCaseTest1_1_2.png" target="_blank" >[ScreenShot]</a></div>]]>
    </line>
    <line>
      <![CDATA[<div class="test-result"><br><font color="green"><strong> Step-3: Verified Empty Error Message </strong></font> <a href=".\ScreenShot\SmokeCaseTest1_1_3.png" target="_blank" >[ScreenShot]</a></div>&emsp;]]>
    </line>
    <line>
      <![CDATA[<div class="test-message">&emsp;Step-4: Tapped Empty Error Message Dialog Box&emsp;<a href=".\ScreenShot\SmokeCaseTest1_1_4.png" target="_blank" >[ScreenShot]</a></div>]]>
    </line>
    <line>
      <![CDATA[<div class="test-result"><br><font color="green"><strong> Test Passed.  </strong></font> </div>&emsp;]]>
    </line>
    <line>
      <![CDATA[&emsp;<div class="test-title"> <strong><font size = "3" color = "#000080">MFMATest002</font> </strong> </div>&emsp;<div><strong>Steps:</strong></div><!-- Report -->&emsp;]]>
    </line>
    <line>
      <![CDATA[<div class="test-message">&emsp;Step-1: MFiles Mobile Application launched successfully!!&emsp;<a href=".\ScreenShot\SmokeCaseTest1_2_5.png" target="_blank" >[ScreenShot]</a></div>]]>
    </line>
    <line>
      <![CDATA[<div class="test-message">&emsp;Step-2: Entered nothing in the server testbox&emsp;<a href=".\ScreenShot\SmokeCaseTest1_2_6.png" target="_blank" >[ScreenShot]</a></div>]]>
    </line>
    <line>
      <![CDATA[<div class="test-result"><br><font color="red"><strong> Add Server Invalid Error Message Mismatches! </strong></font> </div>&emsp;]]>
    </line>
    <line>
      <![CDATA[<div class="test-result"><br><font color="green"><strong> Step-3: Verified Invalid Error Message </strong></font> <a href=".\ScreenShot\SmokeCaseTest1_2_8.png" target="_blank" >[ScreenShot]</a></div>&emsp;]]>
    </line>
    <line>
      <![CDATA[<div class="test-message">&emsp;Step-4: Tapped Invalid Error Message Dialog Box&emsp;<a href=".\ScreenShot\SmokeCaseTest1_2_9.png" target="_blank" >[ScreenShot]</a></div>]]>
    </line>
    <line>
      <![CDATA[<div class="test-result"><br><font color="green"><strong> Test Passed.  </strong></font> </div>&emsp;]]>
    </line>
    <line>
      <![CDATA[&emsp;<div class="test-title"> <strong><font size = "3" color = "#000080">MFMATest003</font> </strong> </div>&emsp;<div><strong>Steps:</strong></div><!-- Report -->&emsp;]]>
    </line>
    <line>
      <![CDATA[<div class="test-message">&emsp;Step-1: MFiles Mobile Application launched successfully!!&emsp;<a href=".\ScreenShot\SmokeCaseTest1_3_10.png" target="_blank" >[ScreenShot]</a></div>]]>
    </line>
    <line>
      <![CDATA[<div class="test-message">&emsp;Step-2: Entered nothing in the server testbox&emsp;<a href=".\ScreenShot\SmokeCaseTest1_3_11.png" target="_blank" >[ScreenShot]</a></div>]]>
    </line>
    <line>
      <![CDATA[<div class="test-event"> <font color="maroon"> <small> &emsp; &emsp;--- 16 Jul 17:58:56 752 - Navigated to Login Page!</small> </font> </div>]]>
    </line>
    <line>
      <![CDATA[<div class="test-result"><br><font color="green"><strong> Step-3: Successfully Navigated to Login Page </strong></font> <a href=".\ScreenShot\SmokeCaseTest1_3_12.png" target="_blank" >[ScreenShot]</a></div>&emsp;]]>
    </line>
    <line>
      <![CDATA[<div class="test-result"><br><font color="green"><strong> Test Passed.  </strong></font> </div>&emsp;]]>
    </line>
    <line>
      <![CDATA[&emsp;<div class="test-title"> <strong><font size = "3" color = "#000080">MFMATest004</font> </strong> </div>&emsp;<div><strong>Steps:</strong></div><!-- Report -->&emsp;]]>
    </line>
    <line>
      <![CDATA[<div class="test-message">&emsp;step-1: Logging into MFiles with empty string&emsp;<a href=".\ScreenShot\SmokeCaseTest1_4_13.png" target="_blank" >[ScreenShot]</a></div>]]>
    </line>
    <line>
      <![CDATA[<div class="test-result"><br><font color="red"><strong> An element could not be located on the page using the given search parameters. (WARNING: The server did not provide any stacktrace information) </strong></font> <a href=".\ScreenShot\SmokeCaseTest1_4_14.png" target="_blank" >[ScreenShot]</a></div>&emsp;]]>
    </line>
    <line>
      <![CDATA[&emsp;<div class="test-title"> <strong><font size = "3" color = "#000080">MFMATest005</font> </strong> </div>&emsp;<div><strong>Steps:</strong></div><!-- Report -->&emsp;]]>
    </line>
    <line>
      <![CDATA[<div class="test-message">&emsp;step-1: Logging into MFiles with invalid username&emsp;<a href=".\ScreenShot\SmokeCaseTest1_5_15.png" target="_blank" >[ScreenShot]</a></div>]]>
    </line>
    <line>
      <![CDATA[<div class="test-result"><br><font color="red"><strong> Invalid Login Error Message Mismatches! </strong></font> </div>&emsp;]]>
    </line>
    <line>
      <![CDATA[<div class="test-result"><br><font color="green"><strong> Step-2: Verified Invalid Error Message </strong></font> <a href=".\ScreenShot\SmokeCaseTest1_5_17.png" target="_blank" >[ScreenShot]</a></div>&emsp;]]>
    </line>
    <line>
      <![CDATA[<div class="test-message">&emsp;Step-3: Tapped Invalid Error Message Dialog Box&emsp;<a href=".\ScreenShot\SmokeCaseTest1_5_18.png" target="_blank" >[ScreenShot]</a></div>]]>
    </line>
    <line>
      <![CDATA[<div class="test-result"><br><font color="green"><strong> Test Passed.  </strong></font> </div>&emsp;]]>
    </line>
    <line>
      <![CDATA[&emsp;<div class="test-title"> <strong><font size = "3" color = "#000080">MFMATest006</font> </strong> </div>&emsp;<div><strong>Steps:</strong></div><!-- Report -->&emsp;]]>
    </line>
    <line>
      <![CDATA[<div class="test-message">&emsp;step-1: Logging into MFiles with valid credentials&emsp;<a href=".\ScreenShot\SmokeCaseTest1_6_19.png" target="_blank" >[ScreenShot]</a></div>]]>
    </line>
    <line>
      <![CDATA[<div class="test-event"> <font color="maroon"> <small> &emsp; &emsp;--- 16 Jul 18:01:49 617 - Navigated to Vault Screen!</small> </font> </div>]]>
    </line>
    <line>
      <![CDATA[<div class="test-message">&emsp;step-2: Navigated to Vault Page&emsp;<a href=".\ScreenShot\SmokeCaseTest1_6_20.png" target="_blank" >[ScreenShot]</a></div>]]>
    </line>
    <line>
      <![CDATA[<div class="test-result"><br><font color="green"><strong> Test Passed.  </strong></font> </div>&emsp;]]>
    </line>
    <line>
      <![CDATA[&emsp;<div class="test-title"> <strong><font size = "3" color = "#000080">MFMATest007</font> </strong> </div>&emsp;<div><strong>Steps:</strong></div><!-- Report -->&emsp;]]>
    </line>
    <line>
      <![CDATA[<div class="test-message">&emsp;Step-1: Started with Vault Screen&emsp;<a href=".\ScreenShot\SmokeCaseTest1_7_21.png" target="_blank" >[ScreenShot]</a></div>]]>
    </line>
    <line>
      <![CDATA[<div class="test-message">&emsp;step-2: Selecting Vault&emsp;<a href=".\ScreenShot\SmokeCaseTest1_7_22.png" target="_blank" >[ScreenShot]</a></div>]]>
    </line>
    <line>
      <![CDATA[<div class="test-event"> <font color="maroon"> <small> &emsp; &emsp;--- 16 Jul 18:02:22 488 - Navigated to Vault Home Screen!</small> </font> </div>]]>
    </line>
    <line>
      <![CDATA[<div class="test-result"><br><font color="red"><strong> null </strong></font> <a href=".\ScreenShot\SmokeCaseTest1_7_23.png" target="_blank" >[ScreenShot]</a></div>&emsp;]]>
    </line>
    <line>
      <![CDATA[&emsp;<div class="test-title"> <strong><font size = "3" color = "#000080">MFMATest001</font> </strong> </div>&emsp;<div><strong>Steps:</strong></div><!-- Report -->&emsp;]]>
    </line>
    <line>
      <![CDATA[<div class="test-message">&emsp;Step-1: MFiles Mobile Application launched successfully!!&emsp;<a href=".\ScreenShot\SmokeCaseTest1_1_24.png" target="_blank" >[ScreenShot]</a></div>]]>
    </line>
    <line>
      <![CDATA[<div class="test-message">&emsp;Step-2: Entered nothing in the server testbox&emsp;<a href=".\ScreenShot\SmokeCaseTest1_1_25.png" target="_blank" >[ScreenShot]</a></div>]]>
    </line>
    <line>
      <![CDATA[<div class="test-result"><br><font color="green"><strong> Step-3: Verified Empty Error Message </strong></font> <a href=".\ScreenShot\SmokeCaseTest1_1_26.png" target="_blank" >[ScreenShot]</a></div>&emsp;]]>
    </line>
    <line>
      <![CDATA[<div class="test-message">&emsp;Step-4: Tapped Empty Error Message Dialog Box&emsp;<a href=".\ScreenShot\SmokeCaseTest1_1_27.png" target="_blank" >[ScreenShot]</a></div>]]>
    </line>
    <line>
      <![CDATA[<div class="test-result"><br><font color="green"><strong> Test Passed.  </strong></font> </div>&emsp;]]>
    </line>
    <line>
      <![CDATA[&emsp;<div class="test-title"> <strong><font size = "3" color = "#000080">MFMATest002</font> </strong> </div>&emsp;<div><strong>Steps:</strong></div><!-- Report -->&emsp;]]>
    </line>
    <line>
      <![CDATA[<div class="test-message">&emsp;Step-1: MFiles Mobile Application launched successfully!!&emsp;<a href=".\ScreenShot\SmokeCaseTest1_2_28.png" target="_blank" >[ScreenShot]</a></div>]]>
    </line>
    <line>
      <![CDATA[<div class="test-message">&emsp;Step-2: Entered nothing in the server testbox&emsp;<a href=".\ScreenShot\SmokeCaseTest1_2_29.png" target="_blank" >[ScreenShot]</a></div>]]>
    </line>
    <line>
      <![CDATA[<div class="test-result"><br><font color="red"><strong> Add Server Invalid Error Message Mismatches! </strong></font> </div>&emsp;]]>
    </line>
    <line>
      <![CDATA[<div class="test-result"><br><font color="green"><strong> Step-3: Verified Invalid Error Message </strong></font> <a href=".\ScreenShot\SmokeCaseTest1_2_31.png" target="_blank" >[ScreenShot]</a></div>&emsp;]]>
    </line>
    <line>
      <![CDATA[<div class="test-message">&emsp;Step-4: Tapped Invalid Error Message Dialog Box&emsp;<a href=".\ScreenShot\SmokeCaseTest1_2_32.png" target="_blank" >[ScreenShot]</a></div>]]>
    </line>
    <line>
      <![CDATA[<div class="test-result"><br><font color="green"><strong> Test Passed.  </strong></font> </div>&emsp;]]>
    </line>
    <line>
      <![CDATA[&emsp;<div class="test-title"> <strong><font size = "3" color = "#000080">MFMATest003</font> </strong> </div>&emsp;<div><strong>Steps:</strong></div><!-- Report -->&emsp;]]>
    </line>
    <line>
      <![CDATA[<div class="test-message">&emsp;Step-1: MFiles Mobile Application launched successfully!!&emsp;<a href=".\ScreenShot\SmokeCaseTest1_3_33.png" target="_blank" >[ScreenShot]</a></div>]]>
    </line>
    <line>
      <![CDATA[<div class="test-message">&emsp;Step-2: Entered nothing in the server testbox&emsp;<a href=".\ScreenShot\SmokeCaseTest1_3_34.png" target="_blank" >[ScreenShot]</a></div>]]>
    </line>
    <line>
      <![CDATA[<div class="test-event"> <font color="maroon"> <small> &emsp; &emsp;--- 16 Jul 18:03:34 550 - Navigated to Login Page!</small> </font> </div>]]>
    </line>
    <line>
      <![CDATA[<div class="test-result"><br><font color="green"><strong> Step-3: Successfully Navigated to Login Page </strong></font> <a href=".\ScreenShot\SmokeCaseTest1_3_35.png" target="_blank" >[ScreenShot]</a></div>&emsp;]]>
    </line>
    <line>
      <![CDATA[<div class="test-result"><br><font color="green"><strong> Test Passed.  </strong></font> </div>&emsp;]]>
    </line>
    <line>
      <![CDATA[&emsp;<div class="test-title"> <strong><font size = "3" color = "#000080">MFMATest004</font> </strong> </div>&emsp;<div><strong>Steps:</strong></div><!-- Report -->&emsp;]]>
    </line>
    <line>
      <![CDATA[<div class="test-message">&emsp;step-1: Logging into MFiles with empty string&emsp;<a href=".\ScreenShot\SmokeCaseTest1_4_36.png" target="_blank" >[ScreenShot]</a></div>]]>
    </line>
    <line>
      <![CDATA[<div class="test-result"><br><font color="red"><strong> An element could not be located on the page using the given search parameters. (WARNING: The server did not provide any stacktrace information) </strong></font> <a href=".\ScreenShot\SmokeCaseTest1_4_37.png" target="_blank" >[ScreenShot]</a></div>&emsp;]]>
    </line>
    <line>
      <![CDATA[&emsp;<div class="test-title"> <strong><font size = "3" color = "#000080">MFMATest005</font> </strong> </div>&emsp;<div><strong>Steps:</strong></div><!-- Report -->&emsp;]]>
    </line>
    <line>
      <![CDATA[<div class="test-message">&emsp;step-1: Logging into MFiles with invalid username&emsp;<a href=".\ScreenShot\SmokeCaseTest1_5_38.png" target="_blank" >[ScreenShot]</a></div>]]>
    </line>
    <line>
      <![CDATA[<div class="test-result"><br><font color="red"><strong> An element could not be located on the page using the given search parameters. (WARNING: The server did not provide any stacktrace information) </strong></font> <a href=".\ScreenShot\SmokeCaseTest1_5_39.png" target="_blank" >[ScreenShot]</a></div>&emsp;]]>
    </line>
    <line>
      <![CDATA[&emsp;<div class="test-title"> <strong><font size = "3" color = "#000080">MFMATest006</font> </strong> </div>&emsp;<div><strong>Steps:</strong></div><!-- Report -->&emsp;]]>
    </line>
    <line>
      <![CDATA[<div class="test-message">&emsp;step-1: Logging into MFiles with valid credentials&emsp;<a href=".\ScreenShot\SmokeCaseTest1_6_40.png" target="_blank" >[ScreenShot]</a></div>]]>
    </line>
    <line>
      <![CDATA[<div class="test-event"> <font color="maroon"> <small> &emsp; &emsp;--- 16 Jul 18:06:37 483 - Navigated to Vault Screen!</small> </font> </div>]]>
    </line>
    <line>
      <![CDATA[&emsp;<div class="test-title"> <strong><font size = "3" color = "#000080">MFMATest007</font> </strong> </div>&emsp;<div><strong>Steps:</strong></div><!-- Report -->&emsp;]]>
    </line>
    <line>
      <![CDATA[<div class="test-message">&emsp;Step-1: Started with Vault Screen&emsp;<a href=".\ScreenShot\SmokeCaseTest1_7_41.png" target="_blank" >[ScreenShot]</a></div>]]>
    </line>
    <line>
      <![CDATA[<div class="test-message">&emsp;step-2: Selecting Vault&emsp;<a href=".\ScreenShot\SmokeCaseTest1_7_42.png" target="_blank" >[ScreenShot]</a></div>]]>
    </line>
    <line>
      <![CDATA[<div class="test-event"> <font color="maroon"> <small> &emsp; &emsp;--- 16 Jul 18:08:51 004 - Navigated to Vault Home Screen!</small> </font> </div>]]>
    </line>
    <line>
      <![CDATA[<div class="test-result"><br><font color="red"><strong> null </strong></font> <a href=".\ScreenShot\SmokeCaseTest1_7_43.png" target="_blank" >[ScreenShot]</a></div>&emsp;]]>
    </line>
  </reporter-output>
  <suite name="MFiles Mobile Access - Smoke" duration-ms="781455" started-at="2016-07-16T12:26:13Z" finished-at="2016-07-16T12:39:15Z">
    <groups>
    </groups>
    <test name="Honor" duration-ms="376009" started-at="2016-07-16T12:26:13Z" finished-at="2016-07-16T12:32:29Z">
      <class name="MFMA.Tests.SmokeTestCases">
        <test-method status="PASS" signature="init()[pri:0, instance:MFMA.Tests.SmokeTestCases@3bfdc050]" name="init" is-config="true" duration-ms="106787" started-at="2016-07-16T17:56:13Z" finished-at="2016-07-16T17:58:00Z">
          <reporter-output>
          </reporter-output>
        </test-method> <!-- init -->
        <test-method status="PASS" signature="SmokeCaseTest1_1()[pri:0, instance:MFMA.Tests.SmokeTestCases@3bfdc050]" name="SmokeCaseTest1_1" duration-ms="28663" started-at="2016-07-16T17:58:00Z" description="Connect to server with empty string" finished-at="2016-07-16T17:58:29Z">
          <reporter-output>
            <line>
              <![CDATA[&emsp;<div class="test-title"> <strong><font size = "3" color = "#000080">MFMATest001</font> </strong> </div>&emsp;<div><strong>Steps:</strong></div><!-- Report -->&emsp;]]>
            </line>
            <line>
              <![CDATA[<div class="test-message">&emsp;Step-1: MFiles Mobile Application launched successfully!!&emsp;<a href=".\ScreenShot\SmokeCaseTest1_1_1.png" target="_blank" >[ScreenShot]</a></div>]]>
            </line>
            <line>
              <![CDATA[<div class="test-message">&emsp;Step-2: Entered nothing in the server testbox&emsp;<a href=".\ScreenShot\SmokeCaseTest1_1_2.png" target="_blank" >[ScreenShot]</a></div>]]>
            </line>
            <line>
              <![CDATA[<div class="test-result"><br><font color="green"><strong> Step-3: Verified Empty Error Message </strong></font> <a href=".\ScreenShot\SmokeCaseTest1_1_3.png" target="_blank" >[ScreenShot]</a></div>&emsp;]]>
            </line>
            <line>
              <![CDATA[<div class="test-message">&emsp;Step-4: Tapped Empty Error Message Dialog Box&emsp;<a href=".\ScreenShot\SmokeCaseTest1_1_4.png" target="_blank" >[ScreenShot]</a></div>]]>
            </line>
            <line>
              <![CDATA[<div class="test-result"><br><font color="green"><strong> Test Passed.  </strong></font> </div>&emsp;]]>
            </line>
          </reporter-output>
        </test-method> <!-- SmokeCaseTest1_1 -->
        <test-method status="PASS" signature="SmokeCaseTest1_2()[pri:0, instance:MFMA.Tests.SmokeTestCases@3bfdc050]" name="SmokeCaseTest1_2" duration-ms="17101" started-at="2016-07-16T17:58:29Z" description="Connect to server with invalid address" finished-at="2016-07-16T17:58:46Z">
          <reporter-output>
            <line>
              <![CDATA[&emsp;<div class="test-title"> <strong><font size = "3" color = "#000080">MFMATest002</font> </strong> </div>&emsp;<div><strong>Steps:</strong></div><!-- Report -->&emsp;]]>
            </line>
            <line>
              <![CDATA[<div class="test-message">&emsp;Step-1: MFiles Mobile Application launched successfully!!&emsp;<a href=".\ScreenShot\SmokeCaseTest1_2_5.png" target="_blank" >[ScreenShot]</a></div>]]>
            </line>
            <line>
              <![CDATA[<div class="test-message">&emsp;Step-2: Entered nothing in the server testbox&emsp;<a href=".\ScreenShot\SmokeCaseTest1_2_6.png" target="_blank" >[ScreenShot]</a></div>]]>
            </line>
            <line>
              <![CDATA[<div class="test-result"><br><font color="red"><strong> Add Server Invalid Error Message Mismatches! </strong></font> </div>&emsp;]]>
            </line>
            <line>
              <![CDATA[<div class="test-result"><br><font color="green"><strong> Step-3: Verified Invalid Error Message </strong></font> <a href=".\ScreenShot\SmokeCaseTest1_2_8.png" target="_blank" >[ScreenShot]</a></div>&emsp;]]>
            </line>
            <line>
              <![CDATA[<div class="test-message">&emsp;Step-4: Tapped Invalid Error Message Dialog Box&emsp;<a href=".\ScreenShot\SmokeCaseTest1_2_9.png" target="_blank" >[ScreenShot]</a></div>]]>
            </line>
            <line>
              <![CDATA[<div class="test-result"><br><font color="green"><strong> Test Passed.  </strong></font> </div>&emsp;]]>
            </line>
          </reporter-output>
        </test-method> <!-- SmokeCaseTest1_2 -->
        <test-method status="PASS" signature="SmokeCaseTest1_3()[pri:0, instance:MFMA.Tests.SmokeTestCases@3bfdc050]" name="SmokeCaseTest1_3" duration-ms="55458" started-at="2016-07-16T17:58:46Z" description="Connect to server with valid address" finished-at="2016-07-16T17:59:41Z">
          <reporter-output>
            <line>
              <![CDATA[&emsp;<div class="test-title"> <strong><font size = "3" color = "#000080">MFMATest003</font> </strong> </div>&emsp;<div><strong>Steps:</strong></div><!-- Report -->&emsp;]]>
            </line>
            <line>
              <![CDATA[<div class="test-message">&emsp;Step-1: MFiles Mobile Application launched successfully!!&emsp;<a href=".\ScreenShot\SmokeCaseTest1_3_10.png" target="_blank" >[ScreenShot]</a></div>]]>
            </line>
            <line>
              <![CDATA[<div class="test-message">&emsp;Step-2: Entered nothing in the server testbox&emsp;<a href=".\ScreenShot\SmokeCaseTest1_3_11.png" target="_blank" >[ScreenShot]</a></div>]]>
            </line>
            <line>
              <![CDATA[<div class="test-event"> <font color="maroon"> <small> &emsp; &emsp;--- 16 Jul 17:58:56 752 - Navigated to Login Page!</small> </font> </div>]]>
            </line>
            <line>
              <![CDATA[<div class="test-result"><br><font color="green"><strong> Step-3: Successfully Navigated to Login Page </strong></font> <a href=".\ScreenShot\SmokeCaseTest1_3_12.png" target="_blank" >[ScreenShot]</a></div>&emsp;]]>
            </line>
            <line>
              <![CDATA[<div class="test-result"><br><font color="green"><strong> Test Passed.  </strong></font> </div>&emsp;]]>
            </line>
          </reporter-output>
        </test-method> <!-- SmokeCaseTest1_3 -->
        <test-method status="FAIL" signature="SmokeCaseTest1_4()[pri:0, instance:MFMA.Tests.SmokeTestCases@3bfdc050]" name="SmokeCaseTest1_4" duration-ms="79725" started-at="2016-07-16T17:59:41Z" description="Login to application with empty username and password" finished-at="2016-07-16T18:01:01Z">
          <exception class="org.openqa.selenium.NoSuchElementException">
            <message>
              <![CDATA[An element could not be located on the page using the given search parameters. (WARNING: The server did not provide any stacktrace information)
Command duration or timeout: 56 milliseconds
For documentation on this error, please visit: http://seleniumhq.org/exceptions/no_such_element.html
Build info: version: '2.53.1', revision: 'a36b8b1cd5757287168e54b817830adce9b0158d', time: '2016-06-30 19:26:09'
System info: host: 'aspire1355', ip: '172.24.166.141', os.name: 'Windows 10', os.arch: 'amd64', os.version: '10.0', java.version: '1.8.0_60'
Driver info: io.appium.java_client.android.AndroidDriver
Capabilities [{hideKeyboard=true, appPackage=com.mfiles.mobile, app=D:\MFMA12\FinalFWCopy-master\MFilesMobileAutomation\Application\Android\mFiles-production-release-Q2.apk, networkConnectionEnabled=true, warnings={}, databaseEnabled=false, deviceName=emulator-5554, platform=LINUX, desired={hideKeyboard=true, appPackage=com.mfiles.mobile, app=D:\MFMA12\FinalFWCopy-master\MFilesMobileAutomation\Application\Android\mFiles-production-release-Q2.apk, platformName=Android, device=ANDROID, deviceName=90671c7ea75c}, platformVersion=6.0, webStorageEnabled=false, locationContextEnabled=false, browserName=Android, takesScreenshot=true, javascriptEnabled=true, platformName=Android, device=ANDROID}]
Session ID: e3ba01d5-d583-4cef-b1ab-118c1a99e048
*** Element info: {Using=id, value=message}]]>
            </message>
            <full-stacktrace>
              <![CDATA[org.openqa.selenium.NoSuchElementException: An element could not be located on the page using the given search parameters. (WARNING: The server did not provide any stacktrace information)
Command duration or timeout: 56 milliseconds
For documentation on this error, please visit: http://seleniumhq.org/exceptions/no_such_element.html
Build info: version: '2.53.1', revision: 'a36b8b1cd5757287168e54b817830adce9b0158d', time: '2016-06-30 19:26:09'
System info: host: 'aspire1355', ip: '172.24.166.141', os.name: 'Windows 10', os.arch: 'amd64', os.version: '10.0', java.version: '1.8.0_60'
Driver info: io.appium.java_client.android.AndroidDriver
Capabilities [{hideKeyboard=true, appPackage=com.mfiles.mobile, app=D:\MFMA12\FinalFWCopy-master\MFilesMobileAutomation\Application\Android\mFiles-production-release-Q2.apk, networkConnectionEnabled=true, warnings={}, databaseEnabled=false, deviceName=emulator-5554, platform=LINUX, desired={hideKeyboard=true, appPackage=com.mfiles.mobile, app=D:\MFMA12\FinalFWCopy-master\MFilesMobileAutomation\Application\Android\mFiles-production-release-Q2.apk, platformName=Android, device=ANDROID, deviceName=90671c7ea75c}, platformVersion=6.0, webStorageEnabled=false, locationContextEnabled=false, browserName=Android, takesScreenshot=true, javascriptEnabled=true, platformName=Android, device=ANDROID}]
Session ID: e3ba01d5-d583-4cef-b1ab-118c1a99e048
*** Element info: {Using=id, value=message}
	at sun.reflect.GeneratedConstructorAccessor12.newInstance(Unknown Source)
	at sun.reflect.DelegatingConstructorAccessorImpl.newInstance(DelegatingConstructorAccessorImpl.java:45)
	at java.lang.reflect.Constructor.newInstance(Constructor.java:422)
	at org.openqa.selenium.remote.ErrorHandler.createThrowable(ErrorHandler.java:206)
	at org.openqa.selenium.remote.ErrorHandler.throwIfResponseFailed(ErrorHandler.java:158)
	at org.openqa.selenium.remote.RemoteWebDriver.execute(RemoteWebDriver.java:678)
	at io.appium.java_client.DefaultGenericMobileDriver.execute(DefaultGenericMobileDriver.java:51)
	at io.appium.java_client.AppiumDriver.execute(AppiumDriver.java:1)
	at io.appium.java_client.android.AndroidDriver.execute(AndroidDriver.java:1)
	at org.openqa.selenium.remote.RemoteWebDriver.findElement(RemoteWebDriver.java:363)
	at io.appium.java_client.DefaultGenericMobileDriver.findElement(DefaultGenericMobileDriver.java:67)
	at io.appium.java_client.AppiumDriver.findElement(AppiumDriver.java:1)
	at io.appium.java_client.android.AndroidDriver.findElement(AndroidDriver.java:1)
	at org.openqa.selenium.remote.RemoteWebDriver.findElementById(RemoteWebDriver.java:413)
	at io.appium.java_client.DefaultGenericMobileDriver.findElementById(DefaultGenericMobileDriver.java:75)
	at io.appium.java_client.AppiumDriver.findElementById(AppiumDriver.java:1)
	at io.appium.java_client.android.AndroidDriver.findElementById(AndroidDriver.java:1)
	at org.openqa.selenium.By$ById.findElement(By.java:218)
	at org.openqa.selenium.remote.RemoteWebDriver.findElement(RemoteWebDriver.java:355)
	at io.appium.java_client.DefaultGenericMobileDriver.findElement(DefaultGenericMobileDriver.java:63)
	at io.appium.java_client.AppiumDriver.findElement(AppiumDriver.java:1)
	at io.appium.java_client.android.AndroidDriver.findElement(AndroidDriver.java:1)
	at org.openqa.selenium.support.pagefactory.DefaultElementLocator.findElement(DefaultElementLocator.java:69)
	at org.openqa.selenium.support.pagefactory.internal.LocatingElementHandler.invoke(LocatingElementHandler.java:38)
	at com.sun.proxy.$Proxy10.getText(Unknown Source)
	at MFMA.Factories.Login.verifyEmptyError(Login.java:129)
	at MFMA.Tests.SmokeTestCases.SmokeCaseTest1_4(SmokeTestCases.java:184)
	at sun.reflect.NativeMethodAccessorImpl.invoke0(Native Method)
	at sun.reflect.NativeMethodAccessorImpl.invoke(NativeMethodAccessorImpl.java:62)
	at sun.reflect.DelegatingMethodAccessorImpl.invoke(DelegatingMethodAccessorImpl.java:43)
	at java.lang.reflect.Method.invoke(Method.java:497)
	at org.testng.internal.MethodInvocationHelper.invokeMethod(MethodInvocationHelper.java:84)
	at org.testng.internal.Invoker.invokeMethod(Invoker.java:714)
	at org.testng.internal.Invoker.invokeTestMethod(Invoker.java:901)
	at org.testng.internal.Invoker.invokeTestMethods(Invoker.java:1231)
	at org.testng.internal.TestMethodWorker.invokeTestMethods(TestMethodWorker.java:127)
	at org.testng.internal.TestMethodWorker.run(TestMethodWorker.java:111)
	at org.testng.TestRunner.privateRun(TestRunner.java:767)
	at org.testng.TestRunner.run(TestRunner.java:617)
	at org.testng.SuiteRunner.runTest(SuiteRunner.java:334)
	at org.testng.SuiteRunner.runSequentially(SuiteRunner.java:329)
	at org.testng.SuiteRunner.privateRun(SuiteRunner.java:291)
	at org.testng.SuiteRunner.run(SuiteRunner.java:240)
	at org.testng.SuiteRunnerWorker.runSuite(SuiteRunnerWorker.java:52)
	at org.testng.SuiteRunnerWorker.run(SuiteRunnerWorker.java:86)
	at org.testng.TestNG.runSuitesSequentially(TestNG.java:1224)
	at org.testng.TestNG.runSuitesLocally(TestNG.java:1149)
	at org.testng.TestNG.run(TestNG.java:1057)
	at org.testng.remote.AbstractRemoteTestNG.run(AbstractRemoteTestNG.java:126)
	at org.testng.remote.RemoteTestNG.initAndRun(RemoteTestNG.java:137)
	at org.testng.remote.RemoteTestNG.main(RemoteTestNG.java:58)
]]>
            </full-stacktrace>
          </exception> <!-- org.openqa.selenium.NoSuchElementException -->
          <reporter-output>
            <line>
              <![CDATA[&emsp;<div class="test-title"> <strong><font size = "3" color = "#000080">MFMATest004</font> </strong> </div>&emsp;<div><strong>Steps:</strong></div><!-- Report -->&emsp;]]>
            </line>
            <line>
              <![CDATA[<div class="test-message">&emsp;step-1: Logging into MFiles with empty string&emsp;<a href=".\ScreenShot\SmokeCaseTest1_4_13.png" target="_blank" >[ScreenShot]</a></div>]]>
            </line>
            <line>
              <![CDATA[<div class="test-result"><br><font color="red"><strong> An element could not be located on the page using the given search parameters. (WARNING: The server did not provide any stacktrace information) </strong></font> <a href=".\ScreenShot\SmokeCaseTest1_4_14.png" target="_blank" >[ScreenShot]</a></div>&emsp;]]>
            </line>
          </reporter-output>
        </test-method> <!-- SmokeCaseTest1_4 -->
        <test-method status="PASS" signature="SmokeCaseTest1_5()[pri:0, instance:MFMA.Tests.SmokeTestCases@3bfdc050]" name="SmokeCaseTest1_5" duration-ms="32717" started-at="2016-07-16T18:01:01Z" description="Login to application with invalid username" finished-at="2016-07-16T18:01:34Z">
          <reporter-output>
            <line>
              <![CDATA[&emsp;<div class="test-title"> <strong><font size = "3" color = "#000080">MFMATest005</font> </strong> </div>&emsp;<div><strong>Steps:</strong></div><!-- Report -->&emsp;]]>
            </line>
            <line>
              <![CDATA[<div class="test-message">&emsp;step-1: Logging into MFiles with invalid username&emsp;<a href=".\ScreenShot\SmokeCaseTest1_5_15.png" target="_blank" >[ScreenShot]</a></div>]]>
            </line>
            <line>
              <![CDATA[<div class="test-result"><br><font color="red"><strong> Invalid Login Error Message Mismatches! </strong></font> </div>&emsp;]]>
            </line>
            <line>
              <![CDATA[<div class="test-result"><br><font color="green"><strong> Step-2: Verified Invalid Error Message </strong></font> <a href=".\ScreenShot\SmokeCaseTest1_5_17.png" target="_blank" >[ScreenShot]</a></div>&emsp;]]>
            </line>
            <line>
              <![CDATA[<div class="test-message">&emsp;Step-3: Tapped Invalid Error Message Dialog Box&emsp;<a href=".\ScreenShot\SmokeCaseTest1_5_18.png" target="_blank" >[ScreenShot]</a></div>]]>
            </line>
            <line>
              <![CDATA[<div class="test-result"><br><font color="green"><strong> Test Passed.  </strong></font> </div>&emsp;]]>
            </line>
          </reporter-output>
        </test-method> <!-- SmokeCaseTest1_5 -->
        <test-method status="PASS" signature="SmokeCaseTest1_6()[pri:0, instance:MFMA.Tests.SmokeTestCases@3bfdc050]" name="SmokeCaseTest1_6" duration-ms="44322" started-at="2016-07-16T18:01:34Z" description="Login to application with valid credentials" finished-at="2016-07-16T18:02:18Z">
          <reporter-output>
            <line>
              <![CDATA[&emsp;<div class="test-title"> <strong><font size = "3" color = "#000080">MFMATest006</font> </strong> </div>&emsp;<div><strong>Steps:</strong></div><!-- Report -->&emsp;]]>
            </line>
            <line>
              <![CDATA[<div class="test-message">&emsp;step-1: Logging into MFiles with valid credentials&emsp;<a href=".\ScreenShot\SmokeCaseTest1_6_19.png" target="_blank" >[ScreenShot]</a></div>]]>
            </line>
            <line>
              <![CDATA[<div class="test-event"> <font color="maroon"> <small> &emsp; &emsp;--- 16 Jul 18:01:49 617 - Navigated to Vault Screen!</small> </font> </div>]]>
            </line>
            <line>
              <![CDATA[<div class="test-message">&emsp;step-2: Navigated to Vault Page&emsp;<a href=".\ScreenShot\SmokeCaseTest1_6_20.png" target="_blank" >[ScreenShot]</a></div>]]>
            </line>
            <line>
              <![CDATA[<div class="test-result"><br><font color="green"><strong> Test Passed.  </strong></font> </div>&emsp;]]>
            </line>
          </reporter-output>
        </test-method> <!-- SmokeCaseTest1_6 -->
        <test-method status="FAIL" signature="SmokeCaseTest1_7()[pri:0, instance:MFMA.Tests.SmokeTestCases@3bfdc050]" name="SmokeCaseTest1_7" duration-ms="5486" started-at="2016-07-16T18:02:18Z" description="Vault Selection" finished-at="2016-07-16T18:02:24Z">
          <exception class="java.lang.NullPointerException">
            <full-stacktrace>
              <![CDATA[java.lang.NullPointerException
	at MFMA.Screens.VaultHomeScreen.<init>(VaultHomeScreen.java:22)
	at MFMA.Factories.VaultHome.<init>(VaultHome.java:20)
	at MFMA.Factories.Vault.navigateToVaultHomeScreen(Vault.java:77)
	at MFMA.Tests.SmokeTestCases.SmokeCaseTest1_7(SmokeTestCases.java:283)
	at sun.reflect.NativeMethodAccessorImpl.invoke0(Native Method)
	at sun.reflect.NativeMethodAccessorImpl.invoke(NativeMethodAccessorImpl.java:62)
	at sun.reflect.DelegatingMethodAccessorImpl.invoke(DelegatingMethodAccessorImpl.java:43)
	at java.lang.reflect.Method.invoke(Method.java:497)
	at org.testng.internal.MethodInvocationHelper.invokeMethod(MethodInvocationHelper.java:84)
	at org.testng.internal.Invoker.invokeMethod(Invoker.java:714)
	at org.testng.internal.Invoker.invokeTestMethod(Invoker.java:901)
	at org.testng.internal.Invoker.invokeTestMethods(Invoker.java:1231)
	at org.testng.internal.TestMethodWorker.invokeTestMethods(TestMethodWorker.java:127)
	at org.testng.internal.TestMethodWorker.run(TestMethodWorker.java:111)
	at org.testng.TestRunner.privateRun(TestRunner.java:767)
	at org.testng.TestRunner.run(TestRunner.java:617)
	at org.testng.SuiteRunner.runTest(SuiteRunner.java:334)
	at org.testng.SuiteRunner.runSequentially(SuiteRunner.java:329)
	at org.testng.SuiteRunner.privateRun(SuiteRunner.java:291)
	at org.testng.SuiteRunner.run(SuiteRunner.java:240)
	at org.testng.SuiteRunnerWorker.runSuite(SuiteRunnerWorker.java:52)
	at org.testng.SuiteRunnerWorker.run(SuiteRunnerWorker.java:86)
	at org.testng.TestNG.runSuitesSequentially(TestNG.java:1224)
	at org.testng.TestNG.runSuitesLocally(TestNG.java:1149)
	at org.testng.TestNG.run(TestNG.java:1057)
	at org.testng.remote.AbstractRemoteTestNG.run(AbstractRemoteTestNG.java:126)
	at org.testng.remote.RemoteTestNG.initAndRun(RemoteTestNG.java:137)
	at org.testng.remote.RemoteTestNG.main(RemoteTestNG.java:58)
]]>
            </full-stacktrace>
          </exception> <!-- java.lang.NullPointerException -->
          <reporter-output>
            <line>
              <![CDATA[&emsp;<div class="test-title"> <strong><font size = "3" color = "#000080">MFMATest007</font> </strong> </div>&emsp;<div><strong>Steps:</strong></div><!-- Report -->&emsp;]]>
            </line>
            <line>
              <![CDATA[<div class="test-message">&emsp;Step-1: Started with Vault Screen&emsp;<a href=".\ScreenShot\SmokeCaseTest1_7_21.png" target="_blank" >[ScreenShot]</a></div>]]>
            </line>
            <line>
              <![CDATA[<div class="test-message">&emsp;step-2: Selecting Vault&emsp;<a href=".\ScreenShot\SmokeCaseTest1_7_22.png" target="_blank" >[ScreenShot]</a></div>]]>
            </line>
            <line>
              <![CDATA[<div class="test-event"> <font color="maroon"> <small> &emsp; &emsp;--- 16 Jul 18:02:22 488 - Navigated to Vault Home Screen!</small> </font> </div>]]>
            </line>
            <line>
              <![CDATA[<div class="test-result"><br><font color="red"><strong> null </strong></font> <a href=".\ScreenShot\SmokeCaseTest1_7_23.png" target="_blank" >[ScreenShot]</a></div>&emsp;]]>
            </line>
          </reporter-output>
        </test-method> <!-- SmokeCaseTest1_7 -->
        <test-method status="PASS" signature="tearDown()[pri:0, instance:MFMA.Tests.SmokeTestCases@3bfdc050]" name="tearDown" is-config="true" duration-ms="5673" started-at="2016-07-16T18:02:24Z" finished-at="2016-07-16T18:02:29Z">
          <reporter-output>
          </reporter-output>
        </test-method> <!-- tearDown -->
      </class> <!-- MFMA.Tests.SmokeTestCases -->
    </test> <!-- Honor -->
    <test name="MiNote" duration-ms="1021" started-at="2016-07-16T12:32:29Z" finished-at="2016-07-16T12:32:31Z">
      <class name="MFMA.Tests.SmokeTestCases">
        <test-method status="FAIL" signature="init()[pri:0, instance:MFMA.Tests.SmokeTestCases@7085bdee]" name="init" is-config="true" duration-ms="0" started-at="2016-07-16T18:02:29Z" finished-at="2016-07-16T18:02:29Z">
          <exception class="java.lang.Exception">
            <message>
              <![CDATA[Exception encountered in getDriver Method.Could not start a new session. Possible causes are invalid address of the remote server or browser start-up failure.
Build info: version: '2.53.1', revision: 'a36b8b1cd5757287168e54b817830adce9b0158d', time: '2016-06-30 19:26:09'
System info: host: 'aspire1355', ip: '172.24.166.141', os.name: 'Windows 10', os.arch: 'amd64', os.version: '10.0', java.version: '1.8.0_60'
Driver info: driver.version: AndroidDriver]]>
            </message>
            <full-stacktrace>
              <![CDATA[java.lang.Exception: Exception encountered in getDriver Method.Could not start a new session. Possible causes are invalid address of the remote server or browser start-up failure.
Build info: version: '2.53.1', revision: 'a36b8b1cd5757287168e54b817830adce9b0158d', time: '2016-06-30 19:26:09'
System info: host: 'aspire1355', ip: '172.24.166.141', os.name: 'Windows 10', os.arch: 'amd64', os.version: '10.0', java.version: '1.8.0_60'
Driver info: driver.version: AndroidDriver
	at genericLibrary.MobileDriverUtils.getDriver(MobileDriverUtils.java:74)
	at MFMA.Tests.SmokeTestCases.init(SmokeTestCases.java:49)
	at sun.reflect.NativeMethodAccessorImpl.invoke0(Native Method)
	at sun.reflect.NativeMethodAccessorImpl.invoke(NativeMethodAccessorImpl.java:62)
	at sun.reflect.DelegatingMethodAccessorImpl.invoke(DelegatingMethodAccessorImpl.java:43)
	at java.lang.reflect.Method.invoke(Method.java:497)
	at org.testng.internal.MethodInvocationHelper.invokeMethod(MethodInvocationHelper.java:84)
	at org.testng.internal.Invoker.invokeConfigurationMethod(Invoker.java:564)
	at org.testng.internal.Invoker.invokeConfigurations(Invoker.java:213)
	at org.testng.internal.Invoker.invokeConfigurations(Invoker.java:138)
	at org.testng.internal.TestMethodWorker.invokeBeforeClassMethods(TestMethodWorker.java:175)
	at org.testng.internal.TestMethodWorker.run(TestMethodWorker.java:107)
	at org.testng.TestRunner.privateRun(TestRunner.java:767)
	at org.testng.TestRunner.run(TestRunner.java:617)
	at org.testng.SuiteRunner.runTest(SuiteRunner.java:334)
	at org.testng.SuiteRunner.runSequentially(SuiteRunner.java:329)
	at org.testng.SuiteRunner.privateRun(SuiteRunner.java:291)
	at org.testng.SuiteRunner.run(SuiteRunner.java:240)
	at org.testng.SuiteRunnerWorker.runSuite(SuiteRunnerWorker.java:52)
	at org.testng.SuiteRunnerWorker.run(SuiteRunnerWorker.java:86)
	at org.testng.TestNG.runSuitesSequentially(TestNG.java:1224)
	at org.testng.TestNG.runSuitesLocally(TestNG.java:1149)
	at org.testng.TestNG.run(TestNG.java:1057)
	at org.testng.remote.AbstractRemoteTestNG.run(AbstractRemoteTestNG.java:126)
	at org.testng.remote.RemoteTestNG.initAndRun(RemoteTestNG.java:137)
	at org.testng.remote.RemoteTestNG.main(RemoteTestNG.java:58)
]]>
            </full-stacktrace>
          </exception> <!-- java.lang.Exception -->
          <reporter-output>
          </reporter-output>
        </test-method> <!-- init -->
        <test-method status="SKIP" signature="SmokeCaseTest1_1()[pri:0, instance:MFMA.Tests.SmokeTestCases@7085bdee]" name="SmokeCaseTest1_1" duration-ms="1" started-at="2016-07-16T18:02:31Z" description="Connect to server with empty string" finished-at="2016-07-16T18:02:31Z">
          <reporter-output>
          </reporter-output>
        </test-method> <!-- SmokeCaseTest1_1 -->
        <test-method status="SKIP" signature="SmokeCaseTest1_2()[pri:0, instance:MFMA.Tests.SmokeTestCases@7085bdee]" name="SmokeCaseTest1_2" duration-ms="0" started-at="2016-07-16T18:02:31Z" description="Connect to server with invalid address" finished-at="2016-07-16T18:02:31Z">
          <reporter-output>
          </reporter-output>
        </test-method> <!-- SmokeCaseTest1_2 -->
        <test-method status="SKIP" signature="SmokeCaseTest1_3()[pri:0, instance:MFMA.Tests.SmokeTestCases@7085bdee]" name="SmokeCaseTest1_3" duration-ms="2" started-at="2016-07-16T18:02:31Z" description="Connect to server with valid address" finished-at="2016-07-16T18:02:31Z">
          <reporter-output>
          </reporter-output>
        </test-method> <!-- SmokeCaseTest1_3 -->
        <test-method status="SKIP" signature="SmokeCaseTest1_4()[pri:0, instance:MFMA.Tests.SmokeTestCases@7085bdee]" name="SmokeCaseTest1_4" duration-ms="0" started-at="2016-07-16T18:02:31Z" description="Login to application with empty username and password" finished-at="2016-07-16T18:02:31Z">
          <reporter-output>
          </reporter-output>
        </test-method> <!-- SmokeCaseTest1_4 -->
        <test-method status="SKIP" signature="SmokeCaseTest1_5()[pri:0, instance:MFMA.Tests.SmokeTestCases@7085bdee]" name="SmokeCaseTest1_5" duration-ms="1" started-at="2016-07-16T18:02:31Z" description="Login to application with invalid username" finished-at="2016-07-16T18:02:31Z">
          <reporter-output>
          </reporter-output>
        </test-method> <!-- SmokeCaseTest1_5 -->
        <test-method status="SKIP" signature="SmokeCaseTest1_6()[pri:0, instance:MFMA.Tests.SmokeTestCases@7085bdee]" name="SmokeCaseTest1_6" duration-ms="1" started-at="2016-07-16T18:02:31Z" description="Login to application with valid credentials" finished-at="2016-07-16T18:02:31Z">
          <reporter-output>
          </reporter-output>
        </test-method> <!-- SmokeCaseTest1_6 -->
        <test-method status="SKIP" signature="SmokeCaseTest1_7()[pri:0, instance:MFMA.Tests.SmokeTestCases@7085bdee]" name="SmokeCaseTest1_7" duration-ms="1" started-at="2016-07-16T18:02:31Z" description="Vault Selection" finished-at="2016-07-16T18:02:31Z">
          <reporter-output>
          </reporter-output>
        </test-method> <!-- SmokeCaseTest1_7 -->
        <test-method status="SKIP" signature="tearDown()[pri:0, instance:MFMA.Tests.SmokeTestCases@7085bdee]" name="tearDown" is-config="true" duration-ms="0" started-at="2016-07-16T18:02:31Z" finished-at="2016-07-16T18:02:31Z">
          <reporter-output>
          </reporter-output>
        </test-method> <!-- tearDown -->
      </class> <!-- MFMA.Tests.SmokeTestCases -->
    </test> <!-- MiNote -->
    <test name="Moto" duration-ms="1015" started-at="2016-07-16T12:32:31Z" finished-at="2016-07-16T12:32:32Z">
      <class name="MFMA.Tests.SmokeTestCases">
        <test-method status="FAIL" signature="init()[pri:0, instance:MFMA.Tests.SmokeTestCases@31a5c39e]" name="init" is-config="true" duration-ms="0" started-at="2016-07-16T18:02:31Z" finished-at="2016-07-16T18:02:31Z">
          <exception class="java.lang.Exception">
            <message>
              <![CDATA[Exception encountered in getDriver Method.Could not start a new session. Possible causes are invalid address of the remote server or browser start-up failure.
Build info: version: '2.53.1', revision: 'a36b8b1cd5757287168e54b817830adce9b0158d', time: '2016-06-30 19:26:09'
System info: host: 'aspire1355', ip: '172.24.166.141', os.name: 'Windows 10', os.arch: 'amd64', os.version: '10.0', java.version: '1.8.0_60'
Driver info: driver.version: AndroidDriver]]>
            </message>
            <full-stacktrace>
              <![CDATA[java.lang.Exception: Exception encountered in getDriver Method.Could not start a new session. Possible causes are invalid address of the remote server or browser start-up failure.
Build info: version: '2.53.1', revision: 'a36b8b1cd5757287168e54b817830adce9b0158d', time: '2016-06-30 19:26:09'
System info: host: 'aspire1355', ip: '172.24.166.141', os.name: 'Windows 10', os.arch: 'amd64', os.version: '10.0', java.version: '1.8.0_60'
Driver info: driver.version: AndroidDriver
	at genericLibrary.MobileDriverUtils.getDriver(MobileDriverUtils.java:74)
	at MFMA.Tests.SmokeTestCases.init(SmokeTestCases.java:49)
	at sun.reflect.NativeMethodAccessorImpl.invoke0(Native Method)
	at sun.reflect.NativeMethodAccessorImpl.invoke(NativeMethodAccessorImpl.java:62)
	at sun.reflect.DelegatingMethodAccessorImpl.invoke(DelegatingMethodAccessorImpl.java:43)
	at java.lang.reflect.Method.invoke(Method.java:497)
	at org.testng.internal.MethodInvocationHelper.invokeMethod(MethodInvocationHelper.java:84)
	at org.testng.internal.Invoker.invokeConfigurationMethod(Invoker.java:564)
	at org.testng.internal.Invoker.invokeConfigurations(Invoker.java:213)
	at org.testng.internal.Invoker.invokeConfigurations(Invoker.java:138)
	at org.testng.internal.TestMethodWorker.invokeBeforeClassMethods(TestMethodWorker.java:175)
	at org.testng.internal.TestMethodWorker.run(TestMethodWorker.java:107)
	at org.testng.TestRunner.privateRun(TestRunner.java:767)
	at org.testng.TestRunner.run(TestRunner.java:617)
	at org.testng.SuiteRunner.runTest(SuiteRunner.java:334)
	at org.testng.SuiteRunner.runSequentially(SuiteRunner.java:329)
	at org.testng.SuiteRunner.privateRun(SuiteRunner.java:291)
	at org.testng.SuiteRunner.run(SuiteRunner.java:240)
	at org.testng.SuiteRunnerWorker.runSuite(SuiteRunnerWorker.java:52)
	at org.testng.SuiteRunnerWorker.run(SuiteRunnerWorker.java:86)
	at org.testng.TestNG.runSuitesSequentially(TestNG.java:1224)
	at org.testng.TestNG.runSuitesLocally(TestNG.java:1149)
	at org.testng.TestNG.run(TestNG.java:1057)
	at org.testng.remote.AbstractRemoteTestNG.run(AbstractRemoteTestNG.java:126)
	at org.testng.remote.RemoteTestNG.initAndRun(RemoteTestNG.java:137)
	at org.testng.remote.RemoteTestNG.main(RemoteTestNG.java:58)
]]>
            </full-stacktrace>
          </exception> <!-- java.lang.Exception -->
          <reporter-output>
          </reporter-output>
        </test-method> <!-- init -->
        <test-method status="SKIP" signature="SmokeCaseTest1_2()[pri:0, instance:MFMA.Tests.SmokeTestCases@31a5c39e]" name="SmokeCaseTest1_2" duration-ms="1" started-at="2016-07-16T18:02:32Z" description="Connect to server with invalid address" finished-at="2016-07-16T18:02:32Z">
          <reporter-output>
          </reporter-output>
        </test-method> <!-- SmokeCaseTest1_2 -->
        <test-method status="SKIP" signature="SmokeCaseTest1_1()[pri:0, instance:MFMA.Tests.SmokeTestCases@31a5c39e]" name="SmokeCaseTest1_1" duration-ms="0" started-at="2016-07-16T18:02:32Z" description="Connect to server with empty string" finished-at="2016-07-16T18:02:32Z">
          <reporter-output>
          </reporter-output>
        </test-method> <!-- SmokeCaseTest1_1 -->
        <test-method status="SKIP" signature="SmokeCaseTest1_3()[pri:0, instance:MFMA.Tests.SmokeTestCases@31a5c39e]" name="SmokeCaseTest1_3" duration-ms="0" started-at="2016-07-16T18:02:32Z" description="Connect to server with valid address" finished-at="2016-07-16T18:02:32Z">
          <reporter-output>
          </reporter-output>
        </test-method> <!-- SmokeCaseTest1_3 -->
        <test-method status="SKIP" signature="SmokeCaseTest1_4()[pri:0, instance:MFMA.Tests.SmokeTestCases@31a5c39e]" name="SmokeCaseTest1_4" duration-ms="0" started-at="2016-07-16T18:02:32Z" description="Login to application with empty username and password" finished-at="2016-07-16T18:02:32Z">
          <reporter-output>
          </reporter-output>
        </test-method> <!-- SmokeCaseTest1_4 -->
        <test-method status="SKIP" signature="SmokeCaseTest1_5()[pri:0, instance:MFMA.Tests.SmokeTestCases@31a5c39e]" name="SmokeCaseTest1_5" duration-ms="0" started-at="2016-07-16T18:02:32Z" description="Login to application with invalid username" finished-at="2016-07-16T18:02:32Z">
          <reporter-output>
          </reporter-output>
        </test-method> <!-- SmokeCaseTest1_5 -->
        <test-method status="SKIP" signature="SmokeCaseTest1_6()[pri:0, instance:MFMA.Tests.SmokeTestCases@31a5c39e]" name="SmokeCaseTest1_6" duration-ms="0" started-at="2016-07-16T18:02:32Z" description="Login to application with valid credentials" finished-at="2016-07-16T18:02:32Z">
          <reporter-output>
          </reporter-output>
        </test-method> <!-- SmokeCaseTest1_6 -->
        <test-method status="SKIP" signature="SmokeCaseTest1_7()[pri:0, instance:MFMA.Tests.SmokeTestCases@31a5c39e]" name="SmokeCaseTest1_7" duration-ms="0" started-at="2016-07-16T18:02:32Z" description="Vault Selection" finished-at="2016-07-16T18:02:32Z">
          <reporter-output>
          </reporter-output>
        </test-method> <!-- SmokeCaseTest1_7 -->
        <test-method status="SKIP" signature="tearDown()[pri:0, instance:MFMA.Tests.SmokeTestCases@31a5c39e]" name="tearDown" is-config="true" duration-ms="0" started-at="2016-07-16T18:02:32Z" finished-at="2016-07-16T18:02:32Z">
          <reporter-output>
          </reporter-output>
        </test-method> <!-- tearDown -->
      </class> <!-- MFMA.Tests.SmokeTestCases -->
    </test> <!-- Moto -->
    <test name="Samsung" duration-ms="1027" started-at="2016-07-16T12:32:32Z" finished-at="2016-07-16T12:32:33Z">
      <class name="MFMA.Tests.SmokeTestCases">
        <test-method status="FAIL" signature="init()[pri:0, instance:MFMA.Tests.SmokeTestCases@6e06451e]" name="init" is-config="true" duration-ms="0" started-at="2016-07-16T18:02:32Z" finished-at="2016-07-16T18:02:32Z">
          <exception class="java.lang.Exception">
            <message>
              <![CDATA[Exception encountered in getDriver Method.Could not start a new session. Possible causes are invalid address of the remote server or browser start-up failure.
Build info: version: '2.53.1', revision: 'a36b8b1cd5757287168e54b817830adce9b0158d', time: '2016-06-30 19:26:09'
System info: host: 'aspire1355', ip: '172.24.166.141', os.name: 'Windows 10', os.arch: 'amd64', os.version: '10.0', java.version: '1.8.0_60'
Driver info: driver.version: AndroidDriver]]>
            </message>
            <full-stacktrace>
              <![CDATA[java.lang.Exception: Exception encountered in getDriver Method.Could not start a new session. Possible causes are invalid address of the remote server or browser start-up failure.
Build info: version: '2.53.1', revision: 'a36b8b1cd5757287168e54b817830adce9b0158d', time: '2016-06-30 19:26:09'
System info: host: 'aspire1355', ip: '172.24.166.141', os.name: 'Windows 10', os.arch: 'amd64', os.version: '10.0', java.version: '1.8.0_60'
Driver info: driver.version: AndroidDriver
	at genericLibrary.MobileDriverUtils.getDriver(MobileDriverUtils.java:74)
	at MFMA.Tests.SmokeTestCases.init(SmokeTestCases.java:49)
	at sun.reflect.NativeMethodAccessorImpl.invoke0(Native Method)
	at sun.reflect.NativeMethodAccessorImpl.invoke(NativeMethodAccessorImpl.java:62)
	at sun.reflect.DelegatingMethodAccessorImpl.invoke(DelegatingMethodAccessorImpl.java:43)
	at java.lang.reflect.Method.invoke(Method.java:497)
	at org.testng.internal.MethodInvocationHelper.invokeMethod(MethodInvocationHelper.java:84)
	at org.testng.internal.Invoker.invokeConfigurationMethod(Invoker.java:564)
	at org.testng.internal.Invoker.invokeConfigurations(Invoker.java:213)
	at org.testng.internal.Invoker.invokeConfigurations(Invoker.java:138)
	at org.testng.internal.TestMethodWorker.invokeBeforeClassMethods(TestMethodWorker.java:175)
	at org.testng.internal.TestMethodWorker.run(TestMethodWorker.java:107)
	at org.testng.TestRunner.privateRun(TestRunner.java:767)
	at org.testng.TestRunner.run(TestRunner.java:617)
	at org.testng.SuiteRunner.runTest(SuiteRunner.java:334)
	at org.testng.SuiteRunner.runSequentially(SuiteRunner.java:329)
	at org.testng.SuiteRunner.privateRun(SuiteRunner.java:291)
	at org.testng.SuiteRunner.run(SuiteRunner.java:240)
	at org.testng.SuiteRunnerWorker.runSuite(SuiteRunnerWorker.java:52)
	at org.testng.SuiteRunnerWorker.run(SuiteRunnerWorker.java:86)
	at org.testng.TestNG.runSuitesSequentially(TestNG.java:1224)
	at org.testng.TestNG.runSuitesLocally(TestNG.java:1149)
	at org.testng.TestNG.run(TestNG.java:1057)
	at org.testng.remote.AbstractRemoteTestNG.run(AbstractRemoteTestNG.java:126)
	at org.testng.remote.RemoteTestNG.initAndRun(RemoteTestNG.java:137)
	at org.testng.remote.RemoteTestNG.main(RemoteTestNG.java:58)
]]>
            </full-stacktrace>
          </exception> <!-- java.lang.Exception -->
          <reporter-output>
          </reporter-output>
        </test-method> <!-- init -->
        <test-method status="SKIP" signature="SmokeCaseTest1_1()[pri:0, instance:MFMA.Tests.SmokeTestCases@6e06451e]" name="SmokeCaseTest1_1" duration-ms="3" started-at="2016-07-16T18:02:33Z" description="Connect to server with empty string" finished-at="2016-07-16T18:02:33Z">
          <reporter-output>
          </reporter-output>
        </test-method> <!-- SmokeCaseTest1_1 -->
        <test-method status="SKIP" signature="SmokeCaseTest1_2()[pri:0, instance:MFMA.Tests.SmokeTestCases@6e06451e]" name="SmokeCaseTest1_2" duration-ms="1" started-at="2016-07-16T18:02:33Z" description="Connect to server with invalid address" finished-at="2016-07-16T18:02:33Z">
          <reporter-output>
          </reporter-output>
        </test-method> <!-- SmokeCaseTest1_2 -->
        <test-method status="SKIP" signature="SmokeCaseTest1_3()[pri:0, instance:MFMA.Tests.SmokeTestCases@6e06451e]" name="SmokeCaseTest1_3" duration-ms="1" started-at="2016-07-16T18:02:33Z" description="Connect to server with valid address" finished-at="2016-07-16T18:02:33Z">
          <reporter-output>
          </reporter-output>
        </test-method> <!-- SmokeCaseTest1_3 -->
        <test-method status="SKIP" signature="SmokeCaseTest1_4()[pri:0, instance:MFMA.Tests.SmokeTestCases@6e06451e]" name="SmokeCaseTest1_4" duration-ms="0" started-at="2016-07-16T18:02:33Z" description="Login to application with empty username and password" finished-at="2016-07-16T18:02:33Z">
          <reporter-output>
          </reporter-output>
        </test-method> <!-- SmokeCaseTest1_4 -->
        <test-method status="SKIP" signature="SmokeCaseTest1_5()[pri:0, instance:MFMA.Tests.SmokeTestCases@6e06451e]" name="SmokeCaseTest1_5" duration-ms="0" started-at="2016-07-16T18:02:33Z" description="Login to application with invalid username" finished-at="2016-07-16T18:02:33Z">
          <reporter-output>
          </reporter-output>
        </test-method> <!-- SmokeCaseTest1_5 -->
        <test-method status="SKIP" signature="SmokeCaseTest1_6()[pri:0, instance:MFMA.Tests.SmokeTestCases@6e06451e]" name="SmokeCaseTest1_6" duration-ms="0" started-at="2016-07-16T18:02:33Z" description="Login to application with valid credentials" finished-at="2016-07-16T18:02:33Z">
          <reporter-output>
          </reporter-output>
        </test-method> <!-- SmokeCaseTest1_6 -->
        <test-method status="SKIP" signature="SmokeCaseTest1_7()[pri:0, instance:MFMA.Tests.SmokeTestCases@6e06451e]" name="SmokeCaseTest1_7" duration-ms="1" started-at="2016-07-16T18:02:33Z" description="Vault Selection" finished-at="2016-07-16T18:02:33Z">
          <reporter-output>
          </reporter-output>
        </test-method> <!-- SmokeCaseTest1_7 -->
        <test-method status="SKIP" signature="tearDown()[pri:0, instance:MFMA.Tests.SmokeTestCases@6e06451e]" name="tearDown" is-config="true" duration-ms="0" started-at="2016-07-16T18:02:33Z" finished-at="2016-07-16T18:02:33Z">
          <reporter-output>
          </reporter-output>
        </test-method> <!-- tearDown -->
      </class> <!-- MFMA.Tests.SmokeTestCases -->
    </test> <!-- Samsung -->
    <test name="Emulator" duration-ms="380942" started-at="2016-07-16T12:32:33Z" finished-at="2016-07-16T12:38:54Z">
      <class name="MFMA.Tests.SmokeTestCases">
        <test-method status="PASS" signature="init()[pri:0, instance:MFMA.Tests.SmokeTestCases@4566e5bd]" name="init" is-config="true" duration-ms="16999" started-at="2016-07-16T18:02:33Z" finished-at="2016-07-16T18:02:50Z">
          <reporter-output>
          </reporter-output>
        </test-method> <!-- init -->
        <test-method status="PASS" signature="SmokeCaseTest1_1()[pri:0, instance:MFMA.Tests.SmokeTestCases@4566e5bd]" name="SmokeCaseTest1_1" duration-ms="18470" started-at="2016-07-16T18:02:50Z" description="Connect to server with empty string" finished-at="2016-07-16T18:03:08Z">
          <reporter-output>
            <line>
              <![CDATA[&emsp;<div class="test-title"> <strong><font size = "3" color = "#000080">MFMATest001</font> </strong> </div>&emsp;<div><strong>Steps:</strong></div><!-- Report -->&emsp;]]>
            </line>
            <line>
              <![CDATA[<div class="test-message">&emsp;Step-1: MFiles Mobile Application launched successfully!!&emsp;<a href=".\ScreenShot\SmokeCaseTest1_1_24.png" target="_blank" >[ScreenShot]</a></div>]]>
            </line>
            <line>
              <![CDATA[<div class="test-message">&emsp;Step-2: Entered nothing in the server testbox&emsp;<a href=".\ScreenShot\SmokeCaseTest1_1_25.png" target="_blank" >[ScreenShot]</a></div>]]>
            </line>
            <line>
              <![CDATA[<div class="test-result"><br><font color="green"><strong> Step-3: Verified Empty Error Message </strong></font> <a href=".\ScreenShot\SmokeCaseTest1_1_26.png" target="_blank" >[ScreenShot]</a></div>&emsp;]]>
            </line>
            <line>
              <![CDATA[<div class="test-message">&emsp;Step-4: Tapped Empty Error Message Dialog Box&emsp;<a href=".\ScreenShot\SmokeCaseTest1_1_27.png" target="_blank" >[ScreenShot]</a></div>]]>
            </line>
            <line>
              <![CDATA[<div class="test-result"><br><font color="green"><strong> Test Passed.  </strong></font> </div>&emsp;]]>
            </line>
          </reporter-output>
        </test-method> <!-- SmokeCaseTest1_1 -->
        <test-method status="PASS" signature="SmokeCaseTest1_2()[pri:0, instance:MFMA.Tests.SmokeTestCases@4566e5bd]" name="SmokeCaseTest1_2" duration-ms="15851" started-at="2016-07-16T18:03:08Z" description="Connect to server with invalid address" finished-at="2016-07-16T18:03:24Z">
          <reporter-output>
            <line>
              <![CDATA[&emsp;<div class="test-title"> <strong><font size = "3" color = "#000080">MFMATest002</font> </strong> </div>&emsp;<div><strong>Steps:</strong></div><!-- Report -->&emsp;]]>
            </line>
            <line>
              <![CDATA[<div class="test-message">&emsp;Step-1: MFiles Mobile Application launched successfully!!&emsp;<a href=".\ScreenShot\SmokeCaseTest1_2_28.png" target="_blank" >[ScreenShot]</a></div>]]>
            </line>
            <line>
              <![CDATA[<div class="test-message">&emsp;Step-2: Entered nothing in the server testbox&emsp;<a href=".\ScreenShot\SmokeCaseTest1_2_29.png" target="_blank" >[ScreenShot]</a></div>]]>
            </line>
            <line>
              <![CDATA[<div class="test-result"><br><font color="red"><strong> Add Server Invalid Error Message Mismatches! </strong></font> </div>&emsp;]]>
            </line>
            <line>
              <![CDATA[<div class="test-result"><br><font color="green"><strong> Step-3: Verified Invalid Error Message </strong></font> <a href=".\ScreenShot\SmokeCaseTest1_2_31.png" target="_blank" >[ScreenShot]</a></div>&emsp;]]>
            </line>
            <line>
              <![CDATA[<div class="test-message">&emsp;Step-4: Tapped Invalid Error Message Dialog Box&emsp;<a href=".\ScreenShot\SmokeCaseTest1_2_32.png" target="_blank" >[ScreenShot]</a></div>]]>
            </line>
            <line>
              <![CDATA[<div class="test-result"><br><font color="green"><strong> Test Passed.  </strong></font> </div>&emsp;]]>
            </line>
          </reporter-output>
        </test-method> <!-- SmokeCaseTest1_2 -->
        <test-method status="PASS" signature="SmokeCaseTest1_3()[pri:0, instance:MFMA.Tests.SmokeTestCases@4566e5bd]" name="SmokeCaseTest1_3" duration-ms="13262" started-at="2016-07-16T18:03:24Z" description="Connect to server with valid address" finished-at="2016-07-16T18:03:37Z">
          <reporter-output>
            <line>
              <![CDATA[&emsp;<div class="test-title"> <strong><font size = "3" color = "#000080">MFMATest003</font> </strong> </div>&emsp;<div><strong>Steps:</strong></div><!-- Report -->&emsp;]]>
            </line>
            <line>
              <![CDATA[<div class="test-message">&emsp;Step-1: MFiles Mobile Application launched successfully!!&emsp;<a href=".\ScreenShot\SmokeCaseTest1_3_33.png" target="_blank" >[ScreenShot]</a></div>]]>
            </line>
            <line>
              <![CDATA[<div class="test-message">&emsp;Step-2: Entered nothing in the server testbox&emsp;<a href=".\ScreenShot\SmokeCaseTest1_3_34.png" target="_blank" >[ScreenShot]</a></div>]]>
            </line>
            <line>
              <![CDATA[<div class="test-event"> <font color="maroon"> <small> &emsp; &emsp;--- 16 Jul 18:03:34 550 - Navigated to Login Page!</small> </font> </div>]]>
            </line>
            <line>
              <![CDATA[<div class="test-result"><br><font color="green"><strong> Step-3: Successfully Navigated to Login Page </strong></font> <a href=".\ScreenShot\SmokeCaseTest1_3_35.png" target="_blank" >[ScreenShot]</a></div>&emsp;]]>
            </line>
            <line>
              <![CDATA[<div class="test-result"><br><font color="green"><strong> Test Passed.  </strong></font> </div>&emsp;]]>
            </line>
          </reporter-output>
        </test-method> <!-- SmokeCaseTest1_3 -->
        <test-method status="FAIL" signature="SmokeCaseTest1_4()[pri:0, instance:MFMA.Tests.SmokeTestCases@4566e5bd]" name="SmokeCaseTest1_4" duration-ms="80435" started-at="2016-07-16T18:03:37Z" description="Login to application with empty username and password" finished-at="2016-07-16T18:04:58Z">
          <exception class="org.openqa.selenium.NoSuchElementException">
            <message>
              <![CDATA[An element could not be located on the page using the given search parameters. (WARNING: The server did not provide any stacktrace information)
Command duration or timeout: 149 milliseconds
For documentation on this error, please visit: http://seleniumhq.org/exceptions/no_such_element.html
Build info: version: '2.53.1', revision: 'a36b8b1cd5757287168e54b817830adce9b0158d', time: '2016-06-30 19:26:09'
System info: host: 'aspire1355', ip: '172.24.166.141', os.name: 'Windows 10', os.arch: 'amd64', os.version: '10.0', java.version: '1.8.0_60'
Driver info: io.appium.java_client.android.AndroidDriver
Capabilities [{hideKeyboard=true, appPackage=com.mfiles.mobile, app=D:\MFMA12\FinalFWCopy-master\MFilesMobileAutomation\Application\Android\mFiles-production-release-Q2.apk, networkConnectionEnabled=true, warnings={}, databaseEnabled=false, deviceName=emulator-5554, platform=LINUX, desired={hideKeyboard=true, appPackage=com.mfiles.mobile, app=D:\MFMA12\FinalFWCopy-master\MFilesMobileAutomation\Application\Android\mFiles-production-release-Q2.apk, platformName=Android, device=ANDROID, deviceName=emulator-5554}, platformVersion=6.0, webStorageEnabled=false, locationContextEnabled=false, browserName=Android, takesScreenshot=true, javascriptEnabled=true, platformName=Android, device=ANDROID}]
Session ID: 0bd3c8ad-e553-43ee-90b3-74955e36541f
*** Element info: {Using=id, value=message}]]>
            </message>
            <full-stacktrace>
              <![CDATA[org.openqa.selenium.NoSuchElementException: An element could not be located on the page using the given search parameters. (WARNING: The server did not provide any stacktrace information)
Command duration or timeout: 149 milliseconds
For documentation on this error, please visit: http://seleniumhq.org/exceptions/no_such_element.html
Build info: version: '2.53.1', revision: 'a36b8b1cd5757287168e54b817830adce9b0158d', time: '2016-06-30 19:26:09'
System info: host: 'aspire1355', ip: '172.24.166.141', os.name: 'Windows 10', os.arch: 'amd64', os.version: '10.0', java.version: '1.8.0_60'
Driver info: io.appium.java_client.android.AndroidDriver
Capabilities [{hideKeyboard=true, appPackage=com.mfiles.mobile, app=D:\MFMA12\FinalFWCopy-master\MFilesMobileAutomation\Application\Android\mFiles-production-release-Q2.apk, networkConnectionEnabled=true, warnings={}, databaseEnabled=false, deviceName=emulator-5554, platform=LINUX, desired={hideKeyboard=true, appPackage=com.mfiles.mobile, app=D:\MFMA12\FinalFWCopy-master\MFilesMobileAutomation\Application\Android\mFiles-production-release-Q2.apk, platformName=Android, device=ANDROID, deviceName=emulator-5554}, platformVersion=6.0, webStorageEnabled=false, locationContextEnabled=false, browserName=Android, takesScreenshot=true, javascriptEnabled=true, platformName=Android, device=ANDROID}]
Session ID: 0bd3c8ad-e553-43ee-90b3-74955e36541f
*** Element info: {Using=id, value=message}
	at sun.reflect.GeneratedConstructorAccessor12.newInstance(Unknown Source)
	at sun.reflect.DelegatingConstructorAccessorImpl.newInstance(DelegatingConstructorAccessorImpl.java:45)
	at java.lang.reflect.Constructor.newInstance(Constructor.java:422)
	at org.openqa.selenium.remote.ErrorHandler.createThrowable(ErrorHandler.java:206)
	at org.openqa.selenium.remote.ErrorHandler.throwIfResponseFailed(ErrorHandler.java:158)
	at org.openqa.selenium.remote.RemoteWebDriver.execute(RemoteWebDriver.java:678)
	at io.appium.java_client.DefaultGenericMobileDriver.execute(DefaultGenericMobileDriver.java:51)
	at io.appium.java_client.AppiumDriver.execute(AppiumDriver.java:1)
	at io.appium.java_client.android.AndroidDriver.execute(AndroidDriver.java:1)
	at org.openqa.selenium.remote.RemoteWebDriver.findElement(RemoteWebDriver.java:363)
	at io.appium.java_client.DefaultGenericMobileDriver.findElement(DefaultGenericMobileDriver.java:67)
	at io.appium.java_client.AppiumDriver.findElement(AppiumDriver.java:1)
	at io.appium.java_client.android.AndroidDriver.findElement(AndroidDriver.java:1)
	at org.openqa.selenium.remote.RemoteWebDriver.findElementById(RemoteWebDriver.java:413)
	at io.appium.java_client.DefaultGenericMobileDriver.findElementById(DefaultGenericMobileDriver.java:75)
	at io.appium.java_client.AppiumDriver.findElementById(AppiumDriver.java:1)
	at io.appium.java_client.android.AndroidDriver.findElementById(AndroidDriver.java:1)
	at org.openqa.selenium.By$ById.findElement(By.java:218)
	at org.openqa.selenium.remote.RemoteWebDriver.findElement(RemoteWebDriver.java:355)
	at io.appium.java_client.DefaultGenericMobileDriver.findElement(DefaultGenericMobileDriver.java:63)
	at io.appium.java_client.AppiumDriver.findElement(AppiumDriver.java:1)
	at io.appium.java_client.android.AndroidDriver.findElement(AndroidDriver.java:1)
	at org.openqa.selenium.support.pagefactory.DefaultElementLocator.findElement(DefaultElementLocator.java:69)
	at org.openqa.selenium.support.pagefactory.internal.LocatingElementHandler.invoke(LocatingElementHandler.java:38)
	at com.sun.proxy.$Proxy10.getText(Unknown Source)
	at MFMA.Factories.Login.verifyEmptyError(Login.java:129)
	at MFMA.Tests.SmokeTestCases.SmokeCaseTest1_4(SmokeTestCases.java:184)
	at sun.reflect.NativeMethodAccessorImpl.invoke0(Native Method)
	at sun.reflect.NativeMethodAccessorImpl.invoke(NativeMethodAccessorImpl.java:62)
	at sun.reflect.DelegatingMethodAccessorImpl.invoke(DelegatingMethodAccessorImpl.java:43)
	at java.lang.reflect.Method.invoke(Method.java:497)
	at org.testng.internal.MethodInvocationHelper.invokeMethod(MethodInvocationHelper.java:84)
	at org.testng.internal.Invoker.invokeMethod(Invoker.java:714)
	at org.testng.internal.Invoker.invokeTestMethod(Invoker.java:901)
	at org.testng.internal.Invoker.invokeTestMethods(Invoker.java:1231)
	at org.testng.internal.TestMethodWorker.invokeTestMethods(TestMethodWorker.java:127)
	at org.testng.internal.TestMethodWorker.run(TestMethodWorker.java:111)
	at org.testng.TestRunner.privateRun(TestRunner.java:767)
	at org.testng.TestRunner.run(TestRunner.java:617)
	at org.testng.SuiteRunner.runTest(SuiteRunner.java:334)
	at org.testng.SuiteRunner.runSequentially(SuiteRunner.java:329)
	at org.testng.SuiteRunner.privateRun(SuiteRunner.java:291)
	at org.testng.SuiteRunner.run(SuiteRunner.java:240)
	at org.testng.SuiteRunnerWorker.runSuite(SuiteRunnerWorker.java:52)
	at org.testng.SuiteRunnerWorker.run(SuiteRunnerWorker.java:86)
	at org.testng.TestNG.runSuitesSequentially(TestNG.java:1224)
	at org.testng.TestNG.runSuitesLocally(TestNG.java:1149)
	at org.testng.TestNG.run(TestNG.java:1057)
	at org.testng.remote.AbstractRemoteTestNG.run(AbstractRemoteTestNG.java:126)
	at org.testng.remote.RemoteTestNG.initAndRun(RemoteTestNG.java:137)
	at org.testng.remote.RemoteTestNG.main(RemoteTestNG.java:58)
]]>
            </full-stacktrace>
          </exception> <!-- org.openqa.selenium.NoSuchElementException -->
          <reporter-output>
            <line>
              <![CDATA[&emsp;<div class="test-title"> <strong><font size = "3" color = "#000080">MFMATest004</font> </strong> </div>&emsp;<div><strong>Steps:</strong></div><!-- Report -->&emsp;]]>
            </line>
            <line>
              <![CDATA[<div class="test-message">&emsp;step-1: Logging into MFiles with empty string&emsp;<a href=".\ScreenShot\SmokeCaseTest1_4_36.png" target="_blank" >[ScreenShot]</a></div>]]>
            </line>
            <line>
              <![CDATA[<div class="test-result"><br><font color="red"><strong> An element could not be located on the page using the given search parameters. (WARNING: The server did not provide any stacktrace information) </strong></font> <a href=".\ScreenShot\SmokeCaseTest1_4_37.png" target="_blank" >[ScreenShot]</a></div>&emsp;]]>
            </line>
          </reporter-output>
        </test-method> <!-- SmokeCaseTest1_4 -->
        <test-method status="FAIL" signature="SmokeCaseTest1_5()[pri:0, instance:MFMA.Tests.SmokeTestCases@4566e5bd]" name="SmokeCaseTest1_5" duration-ms="80379" started-at="2016-07-16T18:04:58Z" description="Login to application with invalid username" finished-at="2016-07-16T18:06:18Z">
          <exception class="org.openqa.selenium.NoSuchElementException">
            <message>
              <![CDATA[An element could not be located on the page using the given search parameters. (WARNING: The server did not provide any stacktrace information)
Command duration or timeout: 112 milliseconds
For documentation on this error, please visit: http://seleniumhq.org/exceptions/no_such_element.html
Build info: version: '2.53.1', revision: 'a36b8b1cd5757287168e54b817830adce9b0158d', time: '2016-06-30 19:26:09'
System info: host: 'aspire1355', ip: '172.24.166.141', os.name: 'Windows 10', os.arch: 'amd64', os.version: '10.0', java.version: '1.8.0_60'
Driver info: io.appium.java_client.android.AndroidDriver
Capabilities [{hideKeyboard=true, appPackage=com.mfiles.mobile, app=D:\MFMA12\FinalFWCopy-master\MFilesMobileAutomation\Application\Android\mFiles-production-release-Q2.apk, networkConnectionEnabled=true, warnings={}, databaseEnabled=false, deviceName=emulator-5554, platform=LINUX, desired={hideKeyboard=true, appPackage=com.mfiles.mobile, app=D:\MFMA12\FinalFWCopy-master\MFilesMobileAutomation\Application\Android\mFiles-production-release-Q2.apk, platformName=Android, device=ANDROID, deviceName=emulator-5554}, platformVersion=6.0, webStorageEnabled=false, locationContextEnabled=false, browserName=Android, takesScreenshot=true, javascriptEnabled=true, platformName=Android, device=ANDROID}]
Session ID: 0bd3c8ad-e553-43ee-90b3-74955e36541f
*** Element info: {Using=id, value=fragment_error_message}]]>
            </message>
            <full-stacktrace>
              <![CDATA[org.openqa.selenium.NoSuchElementException: An element could not be located on the page using the given search parameters. (WARNING: The server did not provide any stacktrace information)
Command duration or timeout: 112 milliseconds
For documentation on this error, please visit: http://seleniumhq.org/exceptions/no_such_element.html
Build info: version: '2.53.1', revision: 'a36b8b1cd5757287168e54b817830adce9b0158d', time: '2016-06-30 19:26:09'
System info: host: 'aspire1355', ip: '172.24.166.141', os.name: 'Windows 10', os.arch: 'amd64', os.version: '10.0', java.version: '1.8.0_60'
Driver info: io.appium.java_client.android.AndroidDriver
Capabilities [{hideKeyboard=true, appPackage=com.mfiles.mobile, app=D:\MFMA12\FinalFWCopy-master\MFilesMobileAutomation\Application\Android\mFiles-production-release-Q2.apk, networkConnectionEnabled=true, warnings={}, databaseEnabled=false, deviceName=emulator-5554, platform=LINUX, desired={hideKeyboard=true, appPackage=com.mfiles.mobile, app=D:\MFMA12\FinalFWCopy-master\MFilesMobileAutomation\Application\Android\mFiles-production-release-Q2.apk, platformName=Android, device=ANDROID, deviceName=emulator-5554}, platformVersion=6.0, webStorageEnabled=false, locationContextEnabled=false, browserName=Android, takesScreenshot=true, javascriptEnabled=true, platformName=Android, device=ANDROID}]
Session ID: 0bd3c8ad-e553-43ee-90b3-74955e36541f
*** Element info: {Using=id, value=fragment_error_message}
	at sun.reflect.GeneratedConstructorAccessor12.newInstance(Unknown Source)
	at sun.reflect.DelegatingConstructorAccessorImpl.newInstance(DelegatingConstructorAccessorImpl.java:45)
	at java.lang.reflect.Constructor.newInstance(Constructor.java:422)
	at org.openqa.selenium.remote.ErrorHandler.createThrowable(ErrorHandler.java:206)
	at org.openqa.selenium.remote.ErrorHandler.throwIfResponseFailed(ErrorHandler.java:158)
	at org.openqa.selenium.remote.RemoteWebDriver.execute(RemoteWebDriver.java:678)
	at io.appium.java_client.DefaultGenericMobileDriver.execute(DefaultGenericMobileDriver.java:51)
	at io.appium.java_client.AppiumDriver.execute(AppiumDriver.java:1)
	at io.appium.java_client.android.AndroidDriver.execute(AndroidDriver.java:1)
	at org.openqa.selenium.remote.RemoteWebDriver.findElement(RemoteWebDriver.java:363)
	at io.appium.java_client.DefaultGenericMobileDriver.findElement(DefaultGenericMobileDriver.java:67)
	at io.appium.java_client.AppiumDriver.findElement(AppiumDriver.java:1)
	at io.appium.java_client.android.AndroidDriver.findElement(AndroidDriver.java:1)
	at org.openqa.selenium.remote.RemoteWebDriver.findElementById(RemoteWebDriver.java:413)
	at io.appium.java_client.DefaultGenericMobileDriver.findElementById(DefaultGenericMobileDriver.java:75)
	at io.appium.java_client.AppiumDriver.findElementById(AppiumDriver.java:1)
	at io.appium.java_client.android.AndroidDriver.findElementById(AndroidDriver.java:1)
	at org.openqa.selenium.By$ById.findElement(By.java:218)
	at org.openqa.selenium.remote.RemoteWebDriver.findElement(RemoteWebDriver.java:355)
	at io.appium.java_client.DefaultGenericMobileDriver.findElement(DefaultGenericMobileDriver.java:63)
	at io.appium.java_client.AppiumDriver.findElement(AppiumDriver.java:1)
	at io.appium.java_client.android.AndroidDriver.findElement(AndroidDriver.java:1)
	at org.openqa.selenium.support.pagefactory.DefaultElementLocator.findElement(DefaultElementLocator.java:69)
	at org.openqa.selenium.support.pagefactory.internal.LocatingElementHandler.invoke(LocatingElementHandler.java:38)
	at com.sun.proxy.$Proxy10.getText(Unknown Source)
	at MFMA.Factories.Login.verifyInvalidError(Login.java:136)
	at MFMA.Tests.SmokeTestCases.SmokeCaseTest1_5(SmokeTestCases.java:217)
	at sun.reflect.NativeMethodAccessorImpl.invoke0(Native Method)
	at sun.reflect.NativeMethodAccessorImpl.invoke(NativeMethodAccessorImpl.java:62)
	at sun.reflect.DelegatingMethodAccessorImpl.invoke(DelegatingMethodAccessorImpl.java:43)
	at java.lang.reflect.Method.invoke(Method.java:497)
	at org.testng.internal.MethodInvocationHelper.invokeMethod(MethodInvocationHelper.java:84)
	at org.testng.internal.Invoker.invokeMethod(Invoker.java:714)
	at org.testng.internal.Invoker.invokeTestMethod(Invoker.java:901)
	at org.testng.internal.Invoker.invokeTestMethods(Invoker.java:1231)
	at org.testng.internal.TestMethodWorker.invokeTestMethods(TestMethodWorker.java:127)
	at org.testng.internal.TestMethodWorker.run(TestMethodWorker.java:111)
	at org.testng.TestRunner.privateRun(TestRunner.java:767)
	at org.testng.TestRunner.run(TestRunner.java:617)
	at org.testng.SuiteRunner.runTest(SuiteRunner.java:334)
	at org.testng.SuiteRunner.runSequentially(SuiteRunner.java:329)
	at org.testng.SuiteRunner.privateRun(SuiteRunner.java:291)
	at org.testng.SuiteRunner.run(SuiteRunner.java:240)
	at org.testng.SuiteRunnerWorker.runSuite(SuiteRunnerWorker.java:52)
	at org.testng.SuiteRunnerWorker.run(SuiteRunnerWorker.java:86)
	at org.testng.TestNG.runSuitesSequentially(TestNG.java:1224)
	at org.testng.TestNG.runSuitesLocally(TestNG.java:1149)
	at org.testng.TestNG.run(TestNG.java:1057)
	at org.testng.remote.AbstractRemoteTestNG.run(AbstractRemoteTestNG.java:126)
	at org.testng.remote.RemoteTestNG.initAndRun(RemoteTestNG.java:137)
	at org.testng.remote.RemoteTestNG.main(RemoteTestNG.java:58)
]]>
            </full-stacktrace>
          </exception> <!-- org.openqa.selenium.NoSuchElementException -->
          <reporter-output>
            <line>
              <![CDATA[&emsp;<div class="test-title"> <strong><font size = "3" color = "#000080">MFMATest005</font> </strong> </div>&emsp;<div><strong>Steps:</strong></div><!-- Report -->&emsp;]]>
            </line>
            <line>
              <![CDATA[<div class="test-message">&emsp;step-1: Logging into MFiles with invalid username&emsp;<a href=".\ScreenShot\SmokeCaseTest1_5_38.png" target="_blank" >[ScreenShot]</a></div>]]>
            </line>
            <line>
              <![CDATA[<div class="test-result"><br><font color="red"><strong> An element could not be located on the page using the given search parameters. (WARNING: The server did not provide any stacktrace information) </strong></font> <a href=".\ScreenShot\SmokeCaseTest1_5_39.png" target="_blank" >[ScreenShot]</a></div>&emsp;]]>
            </line>
          </reporter-output>
        </test-method> <!-- SmokeCaseTest1_5 -->
        <test-method status="FAIL" signature="SmokeCaseTest1_6()[pri:0, instance:MFMA.Tests.SmokeTestCases@4566e5bd]" name="SmokeCaseTest1_6" duration-ms="83457" started-at="2016-07-16T18:06:18Z" description="Login to application with valid credentials" finished-at="2016-07-16T18:07:42Z">
          <exception class="java.lang.AssertionError">
            <message>
              <![CDATA[null]]>
            </message>
            <full-stacktrace>
              <![CDATA[java.lang.AssertionError: null
	at org.testng.Assert.fail(Assert.java:94)
	at org.testng.Assert.fail(Assert.java:101)
	at MFMA.Factories.Vault.isLoaded(Vault.java:30)
	at MFMA.Tests.SmokeTestCases.SmokeCaseTest1_6(SmokeTestCases.java:251)
	at sun.reflect.NativeMethodAccessorImpl.invoke0(Native Method)
	at sun.reflect.NativeMethodAccessorImpl.invoke(NativeMethodAccessorImpl.java:62)
	at sun.reflect.DelegatingMethodAccessorImpl.invoke(DelegatingMethodAccessorImpl.java:43)
	at java.lang.reflect.Method.invoke(Method.java:497)
	at org.testng.internal.MethodInvocationHelper.invokeMethod(MethodInvocationHelper.java:84)
	at org.testng.internal.Invoker.invokeMethod(Invoker.java:714)
	at org.testng.internal.Invoker.invokeTestMethod(Invoker.java:901)
	at org.testng.internal.Invoker.invokeTestMethods(Invoker.java:1231)
	at org.testng.internal.TestMethodWorker.invokeTestMethods(TestMethodWorker.java:127)
	at org.testng.internal.TestMethodWorker.run(TestMethodWorker.java:111)
	at org.testng.TestRunner.privateRun(TestRunner.java:767)
	at org.testng.TestRunner.run(TestRunner.java:617)
	at org.testng.SuiteRunner.runTest(SuiteRunner.java:334)
	at org.testng.SuiteRunner.runSequentially(SuiteRunner.java:329)
	at org.testng.SuiteRunner.privateRun(SuiteRunner.java:291)
	at org.testng.SuiteRunner.run(SuiteRunner.java:240)
	at org.testng.SuiteRunnerWorker.runSuite(SuiteRunnerWorker.java:52)
	at org.testng.SuiteRunnerWorker.run(SuiteRunnerWorker.java:86)
	at org.testng.TestNG.runSuitesSequentially(TestNG.java:1224)
	at org.testng.TestNG.runSuitesLocally(TestNG.java:1149)
	at org.testng.TestNG.run(TestNG.java:1057)
	at org.testng.remote.AbstractRemoteTestNG.run(AbstractRemoteTestNG.java:126)
	at org.testng.remote.RemoteTestNG.initAndRun(RemoteTestNG.java:137)
	at org.testng.remote.RemoteTestNG.main(RemoteTestNG.java:58)
]]>
            </full-stacktrace>
          </exception> <!-- java.lang.AssertionError -->
          <reporter-output>
            <line>
              <![CDATA[&emsp;<div class="test-title"> <strong><font size = "3" color = "#000080">MFMATest006</font> </strong> </div>&emsp;<div><strong>Steps:</strong></div><!-- Report -->&emsp;]]>
            </line>
            <line>
              <![CDATA[<div class="test-message">&emsp;step-1: Logging into MFiles with valid credentials&emsp;<a href=".\ScreenShot\SmokeCaseTest1_6_40.png" target="_blank" >[ScreenShot]</a></div>]]>
            </line>
            <line>
              <![CDATA[<div class="test-event"> <font color="maroon"> <small> &emsp; &emsp;--- 16 Jul 18:06:37 483 - Navigated to Vault Screen!</small> </font> </div>]]>
            </line>
          </reporter-output>
        </test-method> <!-- SmokeCaseTest1_6 -->
        <test-method status="FAIL" signature="SmokeCaseTest1_7()[pri:0, instance:MFMA.Tests.SmokeTestCases@4566e5bd]" name="SmokeCaseTest1_7" duration-ms="70571" started-at="2016-07-16T18:07:42Z" description="Vault Selection" finished-at="2016-07-16T18:08:52Z">
          <exception class="java.lang.NullPointerException">
            <full-stacktrace>
              <![CDATA[java.lang.NullPointerException
	at MFMA.Screens.VaultHomeScreen.<init>(VaultHomeScreen.java:22)
	at MFMA.Factories.VaultHome.<init>(VaultHome.java:20)
	at MFMA.Factories.Vault.navigateToVaultHomeScreen(Vault.java:77)
	at MFMA.Tests.SmokeTestCases.SmokeCaseTest1_7(SmokeTestCases.java:283)
	at sun.reflect.NativeMethodAccessorImpl.invoke0(Native Method)
	at sun.reflect.NativeMethodAccessorImpl.invoke(NativeMethodAccessorImpl.java:62)
	at sun.reflect.DelegatingMethodAccessorImpl.invoke(DelegatingMethodAccessorImpl.java:43)
	at java.lang.reflect.Method.invoke(Method.java:497)
	at org.testng.internal.MethodInvocationHelper.invokeMethod(MethodInvocationHelper.java:84)
	at org.testng.internal.Invoker.invokeMethod(Invoker.java:714)
	at org.testng.internal.Invoker.invokeTestMethod(Invoker.java:901)
	at org.testng.internal.Invoker.invokeTestMethods(Invoker.java:1231)
	at org.testng.internal.TestMethodWorker.invokeTestMethods(TestMethodWorker.java:127)
	at org.testng.internal.TestMethodWorker.run(TestMethodWorker.java:111)
	at org.testng.TestRunner.privateRun(TestRunner.java:767)
	at org.testng.TestRunner.run(TestRunner.java:617)
	at org.testng.SuiteRunner.runTest(SuiteRunner.java:334)
	at org.testng.SuiteRunner.runSequentially(SuiteRunner.java:329)
	at org.testng.SuiteRunner.privateRun(SuiteRunner.java:291)
	at org.testng.SuiteRunner.run(SuiteRunner.java:240)
	at org.testng.SuiteRunnerWorker.runSuite(SuiteRunnerWorker.java:52)
	at org.testng.SuiteRunnerWorker.run(SuiteRunnerWorker.java:86)
	at org.testng.TestNG.runSuitesSequentially(TestNG.java:1224)
	at org.testng.TestNG.runSuitesLocally(TestNG.java:1149)
	at org.testng.TestNG.run(TestNG.java:1057)
	at org.testng.remote.AbstractRemoteTestNG.run(AbstractRemoteTestNG.java:126)
	at org.testng.remote.RemoteTestNG.initAndRun(RemoteTestNG.java:137)
	at org.testng.remote.RemoteTestNG.main(RemoteTestNG.java:58)
]]>
            </full-stacktrace>
          </exception> <!-- java.lang.NullPointerException -->
          <reporter-output>
            <line>
              <![CDATA[&emsp;<div class="test-title"> <strong><font size = "3" color = "#000080">MFMATest007</font> </strong> </div>&emsp;<div><strong>Steps:</strong></div><!-- Report -->&emsp;]]>
            </line>
            <line>
              <![CDATA[<div class="test-message">&emsp;Step-1: Started with Vault Screen&emsp;<a href=".\ScreenShot\SmokeCaseTest1_7_41.png" target="_blank" >[ScreenShot]</a></div>]]>
            </line>
            <line>
              <![CDATA[<div class="test-message">&emsp;step-2: Selecting Vault&emsp;<a href=".\ScreenShot\SmokeCaseTest1_7_42.png" target="_blank" >[ScreenShot]</a></div>]]>
            </line>
            <line>
              <![CDATA[<div class="test-event"> <font color="maroon"> <small> &emsp; &emsp;--- 16 Jul 18:08:51 004 - Navigated to Vault Home Screen!</small> </font> </div>]]>
            </line>
            <line>
              <![CDATA[<div class="test-result"><br><font color="red"><strong> null </strong></font> <a href=".\ScreenShot\SmokeCaseTest1_7_43.png" target="_blank" >[ScreenShot]</a></div>&emsp;]]>
            </line>
          </reporter-output>
        </test-method> <!-- SmokeCaseTest1_7 -->
        <test-method status="PASS" signature="tearDown()[pri:0, instance:MFMA.Tests.SmokeTestCases@4566e5bd]" name="tearDown" is-config="true" duration-ms="1512" started-at="2016-07-16T18:08:52Z" finished-at="2016-07-16T18:08:54Z">
          <reporter-output>
          </reporter-output>
        </test-method> <!-- tearDown -->
      </class> <!-- MFMA.Tests.SmokeTestCases -->
    </test> <!-- Emulator -->
    <test name="Ios" duration-ms="21012" started-at="2016-07-16T12:38:54Z" finished-at="2016-07-16T12:39:15Z">
      <class name="MFMA.Tests.SmokeTestCases">
        <test-method status="PASS" signature="beforeSuite()[pri:0, instance:MFMA.Tests.SmokeTestCases@3159c4b8]" name="beforeSuite" is-config="true" duration-ms="9220" started-at="2016-07-16T17:56:04Z" finished-at="2016-07-16T17:56:13Z">
          <reporter-output>
          </reporter-output>
        </test-method> <!-- beforeSuite -->
        <test-method status="FAIL" signature="init()[pri:0, instance:MFMA.Tests.SmokeTestCases@3159c4b8]" name="init" is-config="true" duration-ms="0" started-at="2016-07-16T18:08:54Z" finished-at="2016-07-16T18:08:54Z">
          <exception class="java.lang.Exception">
            <message>
              <![CDATA[Exception encountered in getDriver Method.Could not start a new session. Possible causes are invalid address of the remote server or browser start-up failure.
Build info: version: '2.53.1', revision: 'a36b8b1cd5757287168e54b817830adce9b0158d', time: '2016-06-30 19:26:09'
System info: host: 'aspire1355', ip: '172.24.166.141', os.name: 'Windows 10', os.arch: 'amd64', os.version: '10.0', java.version: '1.8.0_60'
Driver info: driver.version: IOSDriver]]>
            </message>
            <full-stacktrace>
              <![CDATA[java.lang.Exception: Exception encountered in getDriver Method.Could not start a new session. Possible causes are invalid address of the remote server or browser start-up failure.
Build info: version: '2.53.1', revision: 'a36b8b1cd5757287168e54b817830adce9b0158d', time: '2016-06-30 19:26:09'
System info: host: 'aspire1355', ip: '172.24.166.141', os.name: 'Windows 10', os.arch: 'amd64', os.version: '10.0', java.version: '1.8.0_60'
Driver info: driver.version: IOSDriver
	at genericLibrary.MobileDriverUtils.getDriver(MobileDriverUtils.java:74)
	at MFMA.Tests.SmokeTestCases.init(SmokeTestCases.java:49)
	at sun.reflect.NativeMethodAccessorImpl.invoke0(Native Method)
	at sun.reflect.NativeMethodAccessorImpl.invoke(NativeMethodAccessorImpl.java:62)
	at sun.reflect.DelegatingMethodAccessorImpl.invoke(DelegatingMethodAccessorImpl.java:43)
	at java.lang.reflect.Method.invoke(Method.java:497)
	at org.testng.internal.MethodInvocationHelper.invokeMethod(MethodInvocationHelper.java:84)
	at org.testng.internal.Invoker.invokeConfigurationMethod(Invoker.java:564)
	at org.testng.internal.Invoker.invokeConfigurations(Invoker.java:213)
	at org.testng.internal.Invoker.invokeConfigurations(Invoker.java:138)
	at org.testng.internal.TestMethodWorker.invokeBeforeClassMethods(TestMethodWorker.java:175)
	at org.testng.internal.TestMethodWorker.run(TestMethodWorker.java:107)
	at org.testng.TestRunner.privateRun(TestRunner.java:767)
	at org.testng.TestRunner.run(TestRunner.java:617)
	at org.testng.SuiteRunner.runTest(SuiteRunner.java:334)
	at org.testng.SuiteRunner.runSequentially(SuiteRunner.java:329)
	at org.testng.SuiteRunner.privateRun(SuiteRunner.java:291)
	at org.testng.SuiteRunner.run(SuiteRunner.java:240)
	at org.testng.SuiteRunnerWorker.runSuite(SuiteRunnerWorker.java:52)
	at org.testng.SuiteRunnerWorker.run(SuiteRunnerWorker.java:86)
	at org.testng.TestNG.runSuitesSequentially(TestNG.java:1224)
	at org.testng.TestNG.runSuitesLocally(TestNG.java:1149)
	at org.testng.TestNG.run(TestNG.java:1057)
	at org.testng.remote.AbstractRemoteTestNG.run(AbstractRemoteTestNG.java:126)
	at org.testng.remote.RemoteTestNG.initAndRun(RemoteTestNG.java:137)
	at org.testng.remote.RemoteTestNG.main(RemoteTestNG.java:58)
]]>
            </full-stacktrace>
          </exception> <!-- java.lang.Exception -->
          <reporter-output>
          </reporter-output>
        </test-method> <!-- init -->
        <test-method status="SKIP" signature="SmokeCaseTest1_2()[pri:0, instance:MFMA.Tests.SmokeTestCases@3159c4b8]" name="SmokeCaseTest1_2" duration-ms="1" started-at="2016-07-16T18:09:15Z" description="Connect to server with invalid address" finished-at="2016-07-16T18:09:15Z">
          <reporter-output>
          </reporter-output>
        </test-method> <!-- SmokeCaseTest1_2 -->
        <test-method status="SKIP" signature="SmokeCaseTest1_1()[pri:0, instance:MFMA.Tests.SmokeTestCases@3159c4b8]" name="SmokeCaseTest1_1" duration-ms="0" started-at="2016-07-16T18:09:15Z" description="Connect to server with empty string" finished-at="2016-07-16T18:09:15Z">
          <reporter-output>
          </reporter-output>
        </test-method> <!-- SmokeCaseTest1_1 -->
        <test-method status="SKIP" signature="SmokeCaseTest1_3()[pri:0, instance:MFMA.Tests.SmokeTestCases@3159c4b8]" name="SmokeCaseTest1_3" duration-ms="0" started-at="2016-07-16T18:09:15Z" description="Connect to server with valid address" finished-at="2016-07-16T18:09:15Z">
          <reporter-output>
          </reporter-output>
        </test-method> <!-- SmokeCaseTest1_3 -->
        <test-method status="SKIP" signature="SmokeCaseTest1_4()[pri:0, instance:MFMA.Tests.SmokeTestCases@3159c4b8]" name="SmokeCaseTest1_4" duration-ms="1" started-at="2016-07-16T18:09:15Z" description="Login to application with empty username and password" finished-at="2016-07-16T18:09:15Z">
          <reporter-output>
          </reporter-output>
        </test-method> <!-- SmokeCaseTest1_4 -->
        <test-method status="SKIP" signature="SmokeCaseTest1_5()[pri:0, instance:MFMA.Tests.SmokeTestCases@3159c4b8]" name="SmokeCaseTest1_5" duration-ms="0" started-at="2016-07-16T18:09:15Z" description="Login to application with invalid username" finished-at="2016-07-16T18:09:15Z">
          <reporter-output>
          </reporter-output>
        </test-method> <!-- SmokeCaseTest1_5 -->
        <test-method status="SKIP" signature="SmokeCaseTest1_6()[pri:0, instance:MFMA.Tests.SmokeTestCases@3159c4b8]" name="SmokeCaseTest1_6" duration-ms="1" started-at="2016-07-16T18:09:15Z" description="Login to application with valid credentials" finished-at="2016-07-16T18:09:15Z">
          <reporter-output>
          </reporter-output>
        </test-method> <!-- SmokeCaseTest1_6 -->
        <test-method status="SKIP" signature="tearDown()[pri:0, instance:MFMA.Tests.SmokeTestCases@3159c4b8]" name="tearDown" is-config="true" duration-ms="0" started-at="2016-07-16T18:09:15Z" finished-at="2016-07-16T18:09:15Z">
          <reporter-output>
          </reporter-output>
        </test-method> <!-- tearDown -->
        <test-method status="SKIP" signature="SmokeCaseTest1_7()[pri:0, instance:MFMA.Tests.SmokeTestCases@3159c4b8]" name="SmokeCaseTest1_7" duration-ms="0" started-at="2016-07-16T18:09:15Z" description="Vault Selection" finished-at="2016-07-16T18:09:15Z">
          <reporter-output>
          </reporter-output>
        </test-method> <!-- SmokeCaseTest1_7 -->
        <test-method status="SKIP" signature="afterSuite()[pri:0, instance:MFMA.Tests.SmokeTestCases@3159c4b8]" name="afterSuite" is-config="true" duration-ms="0" started-at="2016-07-16T18:09:15Z" finished-at="2016-07-16T18:09:15Z">
          <reporter-output>
          </reporter-output>
        </test-method> <!-- afterSuite -->
      </class> <!-- MFMA.Tests.SmokeTestCases -->
    </test> <!-- Ios -->
  </suite> <!-- MFiles Mobile Access - Smoke -->
</testng-results>
