<?xml version="1.0" encoding="UTF-8"?>
<!-- Generated by org.testng.reporters.JUnitXMLReporter -->
<testsuite hostname="aspire1355" name="Honor" tests="7" failures="2" timestamp="16 Jul 2016 12:32:29 GMT" time="376.009" errors="0">
  <testcase name="SmokeCaseTest1_1" time="28.663" classname="MFMA.Tests.SmokeTestCases"/>
  <testcase name="SmokeCaseTest1_2" time="17.101" classname="MFMA.Tests.SmokeTestCases"/>
  <testcase name="SmokeCaseTest1_3" time="55.458" classname="MFMA.Tests.SmokeTestCases"/>
  <testcase name="SmokeCaseTest1_4" time="79.725" classname="MFMA.Tests.SmokeTestCases">
    <failure type="org.openqa.selenium.NoSuchElementException" message="An element could not be located on the page using the given search parameters. (WARNING: The server did not provide any stacktrace information)
Command duration or timeout: 56 milliseconds
For documentation on this error, please visit: http://seleniumhq.org/exceptions/no_such_element.html
Build info: version: &amp;apos;2.53.1&amp;apos;, revision: &amp;apos;a36b8b1cd5757287168e54b817830adce9b0158d&amp;apos;, time: &amp;apos;2016-06-30 19:26:09&amp;apos;
System info: host: &amp;apos;aspire1355&amp;apos;, ip: &amp;apos;172.24.166.141&amp;apos;, os.name: &amp;apos;Windows 10&amp;apos;, os.arch: &amp;apos;amd64&amp;apos;, os.version: &amp;apos;10.0&amp;apos;, java.version: &amp;apos;1.8.0_60&amp;apos;
Driver info: io.appium.java_client.android.AndroidDriver
Capabilities [{hideKeyboard=true, appPackage=com.mfiles.mobile, app=D:\MFMA12\FinalFWCopy-master\MFilesMobileAutomation\Application\Android\mFiles-production-release-Q2.apk, networkConnectionEnabled=true, warnings={}, databaseEnabled=false, deviceName=emulator-5554, platform=LINUX, desired={hideKeyboard=true, appPackage=com.mfiles.mobile, app=D:\MFMA12\FinalFWCopy-master\MFilesMobileAutomation\Application\Android\mFiles-production-release-Q2.apk, platformName=Android, device=ANDROID, deviceName=90671c7ea75c}, platformVersion=6.0, webStorageEnabled=false, locationContextEnabled=false, browserName=Android, takesScreenshot=true, javascriptEnabled=true, platformName=Android, device=ANDROID}]
Session ID: e3ba01d5-d583-4cef-b1ab-118c1a99e048
*** Element info: {Using=id, value=message}">
      <![CDATA[org.openqa.selenium.NoSuchElementException: An element could not be located on the page using the given search parameters. (WARNING: The server did not provide any stacktrace information)
Command duration or timeout: 56 milliseconds
For documentation on this error, please visit: http://seleniumhq.org/exceptions/no_such_element.html
Build info: version: '2.53.1', revision: 'a36b8b1cd5757287168e54b817830adce9b0158d', time: '2016-06-30 19:26:09'
System info: host: 'aspire1355', ip: '172.24.166.141', os.name: 'Windows 10', os.arch: 'amd64', os.version: '10.0', java.version: '1.8.0_60'
Driver info: io.appium.java_client.android.AndroidDriver
Capabilities [{hideKeyboard=true, appPackage=com.mfiles.mobile, app=D:\MFMA12\FinalFWCopy-master\MFilesMobileAutomation\Application\Android\mFiles-production-release-Q2.apk, networkConnectionEnabled=true, warnings={}, databaseEnabled=false, deviceName=emulator-5554, platform=LINUX, desired={hideKeyboard=true, appPackage=com.mfiles.mobile, app=D:\MFMA12\FinalFWCopy-master\MFilesMobileAutomation\Application\Android\mFiles-production-release-Q2.apk, platformName=Android, device=ANDROID, deviceName=90671c7ea75c}, platformVersion=6.0, webStorageEnabled=false, locationContextEnabled=false, browserName=Android, takesScreenshot=true, javascriptEnabled=true, platformName=Android, device=ANDROID}]
Session ID: e3ba01d5-d583-4cef-b1ab-118c1a99e048
*** Element info: {Using=id, value=message}
	at org.openqa.selenium.remote.ErrorHandler.createThrowable(ErrorHandler.java:206)
	at org.openqa.selenium.remote.ErrorHandler.throwIfResponseFailed(ErrorHandler.java:158)
	at org.openqa.selenium.remote.RemoteWebDriver.execute(RemoteWebDriver.java:678)
	at io.appium.java_client.DefaultGenericMobileDriver.execute(DefaultGenericMobileDriver.java:51)
	at io.appium.java_client.AppiumDriver.execute(AppiumDriver.java:1)
	at io.appium.java_client.android.AndroidDriver.execute(AndroidDriver.java:1)
	at org.openqa.selenium.remote.RemoteWebDriver.findElement(RemoteWebDriver.java:363)
	at io.appium.java_client.DefaultGenericMobileDriver.findElement(DefaultGenericMobileDriver.java:67)
	at io.appium.java_client.AppiumDriver.findElement(AppiumDriver.java:1)
	at io.appium.java_client.android.AndroidDriver.findElement(AndroidDriver.java:1)
	at org.openqa.selenium.remote.RemoteWebDriver.findElementById(RemoteWebDriver.java:413)
	at io.appium.java_client.DefaultGenericMobileDriver.findElementById(DefaultGenericMobileDriver.java:75)
	at io.appium.java_client.AppiumDriver.findElementById(AppiumDriver.java:1)
	at io.appium.java_client.android.AndroidDriver.findElementById(AndroidDriver.java:1)
	at org.openqa.selenium.By$ById.findElement(By.java:218)
	at org.openqa.selenium.remote.RemoteWebDriver.findElement(RemoteWebDriver.java:355)
	at io.appium.java_client.DefaultGenericMobileDriver.findElement(DefaultGenericMobileDriver.java:63)
	at io.appium.java_client.AppiumDriver.findElement(AppiumDriver.java:1)
	at io.appium.java_client.android.AndroidDriver.findElement(AndroidDriver.java:1)
	at org.openqa.selenium.support.pagefactory.DefaultElementLocator.findElement(DefaultElementLocator.java:69)
	at org.openqa.selenium.support.pagefactory.internal.LocatingElementHandler.invoke(LocatingElementHandler.java:38)
	at com.sun.proxy.$Proxy10.getText(Unknown Source)
	at MFMA.Factories.Login.verifyEmptyError(Login.java:129)
	at MFMA.Tests.SmokeTestCases.SmokeCaseTest1_4(SmokeTestCases.java:184)
... Removed 27 stack frames]]>
    </failure>
  </testcase> <!-- SmokeCaseTest1_4 -->
  <testcase name="SmokeCaseTest1_5" time="32.717" classname="MFMA.Tests.SmokeTestCases"/>
  <testcase name="SmokeCaseTest1_6" time="44.322" classname="MFMA.Tests.SmokeTestCases"/>
  <testcase name="SmokeCaseTest1_7" time="5.486" classname="MFMA.Tests.SmokeTestCases">
    <failure type="java.lang.NullPointerException">
      <![CDATA[java.lang.NullPointerException
	at MFMA.Screens.VaultHomeScreen.<init>(VaultHomeScreen.java:22)
	at MFMA.Factories.VaultHome.<init>(VaultHome.java:20)
	at MFMA.Factories.Vault.navigateToVaultHomeScreen(Vault.java:77)
	at MFMA.Tests.SmokeTestCases.SmokeCaseTest1_7(SmokeTestCases.java:283)
... Removed 24 stack frames]]>
    </failure>
  </testcase> <!-- SmokeCaseTest1_7 -->
</testsuite> <!-- Honor -->
